
3tm_h-jxKRypMd4g7faAZlPq6WztmwVHPcS9GYi9x0g
DstzxHhXKcj7M2gxrvgUh-wM8iRZWp-HLnqFJjM1gAA
bxQZ1gifpoNJnXv76u9l1MwgHaiu904pV2I3Pp_U7ZY
saqDZ-zj-MzJRqDP8qPi30igsiiXah9TeyHt8_kJAIw
XB4lp5LdkaNAGhPzD8f9oL0PkV2Pqug8E-1_niJlscQ
9pGU-1gqubvISRrrdNBgZd0J7G_F0YvoxEDsDPUTQkE
usjdUINmDFiRUNN0OQuJSIGv2ywBTM7OdAxQ5PLa7ds
qApgY93sltbJJtYQ9RoeoJZGiawIEcBHGz6Gxtz4BDI
jiFFkeoxg0fNeVbcUIbITR6EP9D2GKjWf2JbqJ99Sq8
G4sym6QPSEVBGpekAwaTQPk06CH8bIiFqefAQni-va4
N2-GwmrCqW_xfz1SARslnbqVTTAglC4Y0PtQjF4Za08
g7zavuLE17B8RQ9Vw_whK-lt6kFD-94UFYXDnuYaSf4
1M0mTeV5s-66Psf6GT43tM1th7GPWk3BAmZwgpreQgY
_0C68tzQZvPH-facN2CIkmrWcBwgduCR3lGw6EU4ouk
QeT2f05ClY_9FvFCLSI61F8Bkt2x4lDHhOgTvjhWq40
SCR5XEiD8sdR7CE0bo63Q9X3R5wwJVxtdKVp6Sw8M0E
njPsqw5BibaCo3OZGakRKGUigh9GKe2oNU0m8-F5At8
HpcZib5r-2bY6koYQLlKGFyr1jY8SiyRQiPtz1t7uDE
1E8sMdqg11WwaXQ1PMOGnTR9xbdlCpo8-VvZG6b2PtQ
07OOJDV33hUzSXQUHGM2z-LanvWfS6oE9f4ismKJQcE
V-uhnw0peMM__WvIy36UBtlYCVcSQKnK-cp3A7PxGlk
3U3MYa4whgYYOu67ihxc7a95jZz7oLwmbc2PCQEK9gQ
eCxuQkej7eUucs9JMjLDBDx9SE1NKoYtHUJJNTh8MP4
YCyyun49fUQegxe-zcBCsjE-E0WOR_3d4wHHYsp9M0Y
_kzQ8VTzHCQS4zb9UgfQJp9Ef01Cx8Lq55S8fqVRE6o
IWqgQzM6wNzC7nLmNXr6v0QmoSllIWE6O-63hv0jfrs
FJcuj90E6OYy5lLMPMMMN5cHhkLL0r2lWO0EoLdm8JI
a1cHxFx4RCXDOoF8tDXob-2UGNr1DoMCRtIaLaT_aeM
Ns7n-e6Osfk3LFip0i1gOkxz9y6GiofoQdlsoaB3UO0
DRoB1cyUuK9Vw2rIMQARXqg4teXAA9tBM9UH_iZ0MSI
i0rHNwt5Et-cSDrX1a3MNE36u2YfIMhoqzvLlZHByHA
NNVoJAQ926C9LJZ37Yp1i8FdcpcI-N1hyTIHxNBKtNo
D1N6TulNjQizBt3Oij3RR_grUXOo5H9sv4iuiAJaov8
fYJyGzXDnCF-ephfZYqeEgIMwFfXFNwZbtImlI6fduQ
zvTYzXE88lb5EMYtwJnZMyEjLPhqjh1AJVRTvjCO7e0
nN4RRl5UvBUgXDdgVMdQuQRdi9xoKZioplGuQKgTCdw
KOf-jt5lSSHXobOwwgvHL--w7hGdsnJOkSoBXk385aY
O_ccZy_o4d9ZxVwoZgfEtVbsDhtN9BVHC6cFH1SfIFQ
lJWNfKXrtPeWptm9YuXCDar7B8nKhFsN5pg8rDqiHAQ
quuEnMUojbUOCuyUDzupBMa43aING6MDmKLuC5BSNik
6dAk2oTDRUMcLtshh8VKWcvc-qyTLUXlaOzWgUKchoQ
FjEPCVUKL_BAzQR2PA3rINc2hQCO7xxT5_I3-mno8wc
Ipy-DQwz2b5X0cdllqKgicOYwzCxujDVANgkXA-ouN4
ZXwBfuoDdQgHjxxws6lSr5qWMvWDvK7hXVWLbik84H4
X11P4EKn1I1q0igYqiIh7WTIqpGF9ZrIFDsMVfX494w
bliLGpWNjCddGJ0JoB3UDsJCtB9DmLZvwYcqIqIVLb0
I4SsArPk8s-2HtYay_cbldOy41Wqa7M-vxNphfheIYk
GuKdg5lhC6Xz3lso4jouje9BqRUwv4lfQUNGMm1JZ70
Qykcjs52l0dQmVu40KxiczOjuxyh4qnTD9XPxj53B88
ZvW1wqahyDRrOc84H9z2_wTtM13DFMs3aJyTBtGeKNM
cBxeBYcY7Y6uFKUQI8hRN4xTmTKD1xHo2tJmKpkegh8
Tv-L5RTNjLQshzw-MQN4sLv_KpWTOsTtE81rkkrOHwE
cL4Fq0GxLj_Q1_Z0fqdHIkg9zQIHyeOPyZ2FrCX42pc
rTd0YbiujUqsyofLIznNLYtALZNg7MnJdAPo1J-H9d4
ZWl__LEcppRSkY8_uriyklngnHZDpL-HDVLg9yBL6r4
rGHrp9r7-pbXrHwHPtgaRKAEnPwU2yzYAGzVwK8S9Hs
FWNmwjZRVZHLQHXY-24HTSJeT6_jdBHzA9plroafBTY
9Cfi8e017XlxAR3vZuA581CHd_IRSzSNIR_hQTF3Kes
XzGzdT_DPC682T1GfM2h6Vpg7wJU2lSvy7ng74d8U04
s-Xw17dzIyjJEGDVY8pOL3HCfUpmLlErR5awy3SSPDA
63gQZCQ3vxh0aY8ILVLgQivLB7Crrzrg1Bv_ULNQpY0
b2zpyP7RRcI4JlcmSo3WAoqh_fQOMRjGG6jyO2amePY
JF0-UfflfsKughmGCl-cQWPP7KOp09YRfBbaJj_PoTY
ml_0loJu1HWGzQbDdJazA0ejhrVWsEtHAWCYGugvlLE
_IIhKi-B1CMHjXEa0yoBlx8gXE0QmRy_SlDWrXLBWEQ
coASqkUv7NHtjYTfECQz2YDz2GW08JalMnndNM2MLyw
ZJC2cDM3DND4v6F9jXETM5FMP_CwUC9dB8OOQpEhxAQ
9ZnnBRx3rw16ii-e8gQ6g_R1aWunMVE0hvs_g8cA4DU
iR2QF1vAN8T5hxrxyMKOEdX9eWABG8U0eFd-3xkukNI
9ONoWkyfOznpM6v_dLonVUEwCt-1AgDcWibNAXg0REc
_dcbL-DspvpcJ3945QpBuIRo3jknSCqugdKLfQU0YLU
17WyOcQkLWDe3DLbsUV2eNf1WzA7emG4FWzCnSo8GO8
MOI58_C_gi24F0haCM7Fgo8BWlCOLWgBkw0mTz-DxAI
P4B09ZF3v0F3CvgmDulU1xKjcWWY9yRqWhRMHxDs8mg
sKBgNCoq-jq_CEwklKer5z88EEStW3-rVmOf8hjNltQ
GuZ2x6Qx67niJU49EEGRPUkNUUepbOw_rVsIPVUnfT8
KWpfMlxiHn9v4yYePObYJCLJWo4oWSP-ztpsz3nsI14
XrehuyP2PIUztaEk4xJVycIYighPfw8RPB2pQwzTsaY
YlrQ7cic8zt29VSg1IJOrdHLeeJcKrE24WMY0vqdIAM
seB0KoRnHIjdBXElB19JaEw8hQX4JB3w3NbX0eSQOdg
Yq1Pa0JQyAhzV0v5Ait5HCPw30wcmITIVakQMkxBLsY
xnXbiB1jIvjHnbB4WuuzBTfSh6AEs3BFbu1tOtE4EVU
y0kW-BPjsrpXWxtubClkHiF_0XrO9-EbocKo08iZTxU
RS_ma9PdmUaJkZhpy8-xM_rFC0JksTrkXdNE5epY7yI
4pkfv0vDNPWlePKCYo_i0xLJb78dKZDjgnCJJbVyY80
hmEVwXvpJAhHlc352f2nbHI_KYOWz4Ap0EMbXdu8zIE
jAteo6b30QCACvk7eTxcO2bKeTaP2loIPTcxgECDwYM
98GLKFs9tFb3XrM3wX7oMUo2-goZS9mEe493AHOzdW8
j6pfAsJ12WVej4KrMG6gWRu8DRW6XUZ7TE2RvHWpfXc
jqLGieXAbuBuyl-x4VqbkETjgMAyMYNSGBf08YWVr8k
IDztRV2SGEEwhhdkKV_LsFTdhqEFRDsA15VLpGqXJz4
ijBFZ5qskEO1YFAO8oiHvbLNdtKbwVuvxRAJNEV0cvw
lWMExOvnC77ha2l__g3fpEy0woABySPRghFJEWdVRjQ
dNTH_8eUGPRkAAK1eNn4SU94bsl8xO6RHGM-vHaLqhk
qcpBulkfxdumKBfyOMs2ZZFva4U17k-dWNbiAb9vRQ0
IXtu4pfC-L-bowP-CNifBbSnUVIgwz_eMaNzLvjqL4Q
mu-D7jD2H3IHfYCTZFmrZhPEEaiNjEbq5gzI_Q9nlzQ
a83O1OS1J6v_ESLhlFJm2cTQ2hmVHzeeiJ0cvg2tfho
qakG_yst91D8CzOiJfIvp3x41HutzqMuJw_ZQhFjmZY
yjlofhsMmSwwLrFNMVpd9mu_EsfMp6BbJ9fC3aj5rP0
c0oHTG_nyBiKkbRp9RSHvueaxpf4Yul1EgbOYPeDEX0
0ztID2wQrYqItilv-yhCX6JYAvov2y6XHtDOiCdpXEk
WgBmh4SP6zZMf0jHl2TmuxqyPIt2w4awkfu8Fmy5UPo
IEhY-yrlUgkQwrTjGp0_8mAmIbGKVXlyLP5gXJ5HBZE
4uEyZHz3227jFey6t6cSRjAiFuF9rjeEMzrttl2oiqY
Gkt4vHm_J4xHgiXB6U0yNAv3IruuqR7PN-Q3bJwdVNc
z7rCSeSp586DChoPcjxqHYWVAVbVH750goqOdLzF-vw
CSERFkrvhcXAClHBG7M5lH9jm8INIlFOn4VmhUj46bQ
YqJ7kmPJ9K-3mUz0KZIiDkeufy_XwgXLu6ADdXYdQQM
OYDdZf4ioD81KimogzOPc437HkDJ534PjAH_cA0Idjo
HbC0vlzaKPLU-Q0enKqj84v50jF_K8hMH6_QR3oNASQ
RcMCSIhgX19IPv34IlYsj5jxWN7kgUYNQ5jaxfoQcE4
CEmGEE8jw_AZGcpOiNI56BUYBE2zwvJ3ZJOk1B2eQNk
YIKvAVzFI308pajA4keniCrL2dpxh_PA8apFVxKZGOc
We28AXTwQd7Q4gjdMRwlSowwDeQPP_pq88RY-986Jr0
rjtGgUtzRYK5QUu9Lq64WZRq2V1pHaTURhvGoBZJtzI
2c5zLHcDxHT6vcsryMnqekiuPHAtEwr-DXtaGPl-VrQ
oAFMwHj6egcCiaJVqkRYeVcUVCwba6hQt7O7FHeKHSo
hH978uKlDLQozxtItHR2elNMIdpGeMVni5jTvJ-YPUo
nzf-_ztGloA5kaYccV98XgH9HvKb4tdFE1VsA_lIdM8
eRKqGQF1e8t-CdsCxJZWcd094vsIfM3DnhGwV-Aol0Q
F8yqxxB-WbmGES5wPUpId_xJMOXHBS30OOCPS76_SVU
RPjZF92UoNta-cdzzS5TM9VKznT-xl8AY6KZAsNmduQ
Y6nHdyEb23T-DL56oS4NKDcMH-9IZNryOb6aJIt5m-s
UC7STna0XDHQX902bjl2-1T9VRusl-kvRjwx96xSI-o
2fnGP44-mC1XVhzj0GbUzXw6Fc1D3LxH8k_zRbaaTl0
0OTRokyOfMGbj0BsPcfB-YwpUAPzUpTLAtRpC4-_HrU
s2BJYYhKXLJXMiFs4_lykxiyKeSoKEU2YZ8gvsWMLXE
L38FB9m7rFGL2_zieoGd3o9GMNu3WH8j1aK-lHWi0b0
mvO_K0isNpgf21gVsclKyr0zvQ0i98g-OJ_yndaDKcE
2bflk7Q6BAuNvq8ZAys1aqxOyucI_TgPzRJeTYI_mb0
SkvRaTVe8LrXWR8h2-QduiLA2N0SnjhjPnacfAtWR0Q
ArQgmAoKizUlgqNDAsafkxnEHnMej3ecaPfbM3y-3bE
VqzmOU-mnmTJwemhSE13aj-Ity6XT6dBen9fLlHrEek
Z5XrVvtmLgtT8SSShY54TznrpfDHdEMcz8I3cq5sICc
7O6Cvaj0RHTOTfAZQmWt8aA7-2ykgKypFgyzHfe2xL4
nVhU6o7op7g4cLEoYVQyyah23aJ3F5wDVLaHahDYp3M
pLI7xAc1aUBB8Q2A115S_FTCMjAbUj37dShI3UpnGh8
C1id-v7ri1shr1gLoYHnKXOvZfUbI2Mat1V_g5Q42L4
jyXe55lzIrPxSsrOgJD56xYSaHG5rTeZacq51i2hXvg
McaKOG1pEoYoKhQ-DpaxIPCm3yEOOT2bvIRa5dAGTd4
8awW1qhGuo6nDGFKDJxajUsTaP9EJ2VqPzB0rKO9afE
at0uHTNI3CaNlRfaLX9GPA8CmBFlt43lBP894IzC7Z4
a4CUEoI-cMyzf_lM2LaYyAegJH0l1Yhzex9NUPWIfVk
Oe2cr0zI53OUcBynH3YfY5C35Avvmsq8MAdl3sP8zD4
1SM2jaE7X1cZ5Tb4bp2xReI7QMjV-JV6tONpgavTPdo
6RuMLAq8P1P-ylox6_5Ri2IrZWsha0zy2iqvM8KzbAE
2CMugeVO_kNqWLHgXHPDsEoP58UTck4i3BUyF-2qGWc
pYI1ZSeHgutdmwaZhVR6-7RXL4RAUE0rSNXgawBwIQQ
lszjm97KzMgiCjIlEwgZiNhgP9QpMmsOhKCGJjahel0
55EFRLG95ah6vt22UjXoDy2leeFW9w5MS6p0as_75HQ
EyIS9GoRC1aSeUCapEq0HGVEBU2ARkUGuRt3ri3qaIU
nz6fHL4tVmXVW5QLpg2_0BJ4uK0DrZY1tozJtJ10JF4
VpAJCU1mTlqbiyw7e_fRcXZs4FSu4QwZpSyyroH8Wfc
QhxlufZvPfA8y9Jb4UBC3Eo5Y-0ehU5bR_fjls5_npk
cFAHwQlMbd6DlEA8dMheRXE0xMa0mb_iHZkDT6V_p1A
NFT-2J2FeiYtSVbtm9NF_cljV0WWUXIMMMHlInOPe58
la4YRFAFoKZzN_QXRLqb2QZ_5dwfM9zjfCY2qBSjV7w
I98cW2yIqLlNgcsbdUIyR1a-02nLo7ZE-12wQdvQNoc
tdW0Y8WIzdaKs9_nz-5GERFfiIC1A4tmuAbo4A5Xeh0
5UNUAsp-d1SIrDg2S3STndN_mczLD4tcaDfdo4ZV6qw
_vvbDwiRVXcQLxBX3YEArYRgPKUip8q2SE1c1ptOc5U
lRfdIPwjy6QlUIKITD52EsCW6mrtvKmiF2ZwEGqXjFA
KkpDodyCQFQ8mOPnfsqtjKsVFtJBpw3b0QOs4YA8NGU
3zS6kXPkBlVxhHdq5lQSX1riTzTQ7LzBmvqhSLMLVlM
R-v4XffHAgzIdjoCCBUWSnJOuFq3AmGzkS1BUxjKlR0
oMG1hMzkUxdNUfspDHGDj1-CyuYz6saboi_QdHZ871Y
u65Wjb1WYc3-mOfYOj42sMBXywjz0N2ghkQE8bYtlaw
2JJzNt_apwwzfuJgZEWmKT7AFefjPv6ZTvxz-YU3MQE
B9c4IxXqstjndhgGhKujiqoKsBlD-k7EeLNCDjYcXgE
L2vROYCW8IuuZW5433SazEdJ1nampTR75-NIQ6DSk7Y
cqHCrXMtLqvyw7o8voSgA_hS5_jMHx9iN76JxkoQPPs
QphdEh5cmb9-vp6ptGJ0Wp9DszfntriFRLjnYrxfwlU
FsKAxiPS1zqnavYJ6nc7cvwffWtZohpt04bb8XiIimw
-GkT9NtDOmLRxzGwaav_zXvQhYQ1C950dECt0pKkcP4
UCb10iYnFvElsalkYx2MuFJlewynl3AKaRFlMTRGdiY
_B7oG07NMeG-stTvf4gc1-jEjxF6U96ML4JrXnxfK9s
0TKe-AO9flxAzTH9RRPDY923kiJmnHWGiL-L8QQGA6A
nB98yhsjw6Yd4VSghCzWeuIwf684F3-ymE0drocuL7Q
wIO2gYlhwyzzRUv-VnlBBuN2JQiFXMc1riQlm90spdA
uaBelwqS1yFJ2HZNcy_HHpllB9YVL3Yvf2AsI8QXeCE
newDDkqHQ751PHZwUuU8vdNRy7ziuQ8QaRftsRjmcHM
Sw4riUhvmTOrRFZQhja0HQVnT7KziIAGJE-0XUSdi4w
rfORoU6lM8opx9cXksuXwj7x3kUTFpEG0G23HKeCkIk
PksZQGg4ni4Vx_F8WfIGYUStAvjn6qamH91jL7qnFeU
BmIa4WSS7SO3JISIFG5dqbh_MzaSVmAV1z_WR_e1NP8
FrpXQUyvi2OEuPBHDKv3G-HdItmCztYW69o1Ivr6y2M
mjKcQNrHYWOM9dqp8Tb9WC-M2bKcaVaPNfjjxiwGZ6A
ILUfb3mP4VX7Xb20UoybIOOgbjaZIA7W3GaUbSHWf3k
0CUFnH14ExoAA1bM4VTaaUze9vGI-3g17GLF-zvsl-E
fJA8BT5HCq5t3h7dQ31c4dx7ckvs-V2eQbwpzx1dP-A
y5khn8fP27Skk5fL-5Wiwr27rBkP-_zU4tdG-ckd4dk
55i07qMIDACvMJywYdgDbiiaRXXNGDHFfgx4-tlN5uI
o0l88b4QsPS0JQSq-N4WPlUfgI8KgXfqSr8CycXfa7U
Pm8MYodsL8mBie3a_KzjynIxAwRfKeCvN2VlCXd3j3U
F9rWwwq0YPBIEAJUuhIWJYBU34Nkxlxw5XA-tFRR9ns
axq-y0_OoRv8WNsLcqEHiAG-j2NiSJ5JjXA_H6swRJE
S5E9YF3e9un6vRMaTCsh8yKQQO03m0M5LfY9qJJ_rKs
0MJAU62OXctBM6pgmIBEtYgDPqOD4L4IQK0F9d6Zt7k
_UVXhb1c3-SJv-bz8f70txFDKtqQNx-wY0oHraScI2c
zlg6mOuBif8KsjeQW28BmgFSIi3Mwxf86FBmtVf1paU
1ucUAlcuPyORmbqA1pANpn3iwzeEuJtq0QSMZ-AZmyg
31oIBzpTBDdqmFDceTPcCoBahv5_4nUyfvf-UwazcGs
lpL91mMGoMDo6mRR7890C4i5DmRR496M41CynURBU5k
-Io0G2erY_hRXFxGCsVtsYtmSrIcd8X3ZUEtHmTlMOE
tyTpPozZUYsSDrePU7VMpTasQ9oMNnyNumFCjHi8ub0
9aq5pOp9YPdFBOfsfdb5xgk3RGRKSEKwe74N8RBFPmk
fhCH11QwBSB4qwQ-Y0dz6Jt1JXZtG04jLJEikwqh03c
T8kmoqZj4pIZVQadVWAA1jqFIXCM3nxWdeHymUN1oE4
QeaUcxiz_ABtZeFTI68w6bt3a-jzYLYUo3GB_Z1s6DA
11YPH4YRk9wDPkAlkya_GqOe8RiEGtxAGGutAzONVys
TnZlitOj6H7azE-DnPz6GlEou2LrWxXie6eOP_xtFOI
stz3MT10-zhiwnayJiHxMkhn0BcMT4LOkozb90FCpNQ
RAhXuIStsNEciTcTReZwfo-W0c2UaGBRkUVGb0dQfck
DwlQ9GFd44JNCeE8BO4tjnqXwKg3G-wyJSgrICfQyjE
LEjoNfUTsbcvuyd0ArIbT4oS92psp5Hc7sI0Tb39q6w
unQoSKWX6eRSYQCFLKcGoIQXZz_-XWu3R39uA1JQfQk
blGlyAWLnoixyuCduSabzPYIhkKtiz4npHPZQXjV0QU
WbH4RTZaNRkm4YmtG7CuojVD2jiZMF_Uo1gh1uhnqDs
TAD8Qb53IjYnITAZSNuVPJWgl0RKu_n7oLKT9pBIinA
f29DjuwrpDhRK3_9-K_VGX3h9kT73QlV5bkQ8GIHWXI
CUaubzqMTg71_YgT8jCEOGUJiPHzyq8gTRQ9L3KoYWo
B9u1_RkYrzfjlJUjpob9gIVUBQJFRHlpZ96cidLI_nI
l-URG5DW7UaWx1F9RZ3gEvtKsLXSRmJK4qXPYaUrlYA
WNhP9_DFF7aESCGIMoZ5IJjPgJivo-nvXi3Tr83ZXWE
QCF7zAAK6FRMfIaH8j3d52sTGIl5ddBtBlTFsxw0axQ
iwuF2HHe90MzbXATYggiPUgmCiVRjMKIoUBBZj6S7iY
X9kzFjR8apCVL-Ak52njuuqOcruufGlcU_zpVxwPU-0
SfdCEGZq-1HpCre_MHr7GjS4qI26mYPlMk5T9HSbIHo
LP-_1xutSZFt57F5epIjsMGVyvHaPnUMNFhs9fH-Z68
FIO4uzyyhkbYOzbcUUdwa6b40jhL0vjL0ozV9DYqrXA
4vYprLMEibY4gMOdm-BLSA2duCvzwM3ASMzDQdH0aok
rk5hLZUXzTaPC8xrLQh4GF5sM7edSS98xeQDIfaBj30
Gh1UJs-r6lC8_F_gkUQK-ZVvbUlk0N83nEZKanhPY7U
BfAo-l3JCSkPavvWQNVTPqS8cDq_VO8iVUxWpPQxs4A
5yvDWK4l2X_DrAdyXt3XArOc0PC_NA9sWc-36u__sKY
GWcVA5tT4X2oPQXbYNIhftNF3R1toKKXEs_El1YOgZg
Oa9-yAM2gNYleGgzZx35bPGU1CoGH2jbGAlJQNfDa58
PrwGrt33YtFZ-dlTWjljYce_Zxy9GqJ-1Ooh3nyTyjo
unP4S36YxFD46a_rzQCV3xuM53mH1v8T2pyOkYP2ymM
xVBMGA7FCKJj9ZGwFLemdcR2njVJuieTXh96SgUcxMw
jU8g4NHfOIZYdcMnWK5C32SjxAgVM9kLcTnrZDfwIP8
Pini5buTEKD3Q6TQ2HAwNieKK3aJGFSFuFcZZxSORKI
29EvUOgzYQkrKdMRTwSHWz9ZHWPWOOaKXts8xvK-gXg
ClkbpmT0cReL-6RCpclgX2ZxLNDcZZ_D17_M64IGm54
QknH9ZIyCPubuoA5M4dzbvZ5JXRmc87lURp4m2Y3vq8
vsdTOSwhX0O0fu4gkLSv-HwZ_IX1GzsdY3hH3tvd45I
G8ysLNXrUKQVphCQXSszwo_rWNb_WmfJGDfYFEB2DE8
koncr2X33Yxo3UCl4oGQDSFtZ8anPyZisPDQilGQY10
dwALlXb2LUsJZzTREpC5XzDOcKByFiH_lu3_Zww-zs0
RD_kD9YN1Ra_1JxzPXpgC86JvWbZ0EC9zlXE3W4ApIo
Y4fGNOT8vi9XAj28L11bElGxaAdYoXmTgo6NY8KAj6A
oKbreHF3ThnYjNkBnY9Awovi5Xx7GbLQhTD0QCrrXSM
Zv0HrYnzRM3M5i0jgM-l08b5ZThYrnukyLxL9kl1T04
HxEhsTKte5b0dtwnmN8qEJGlw9CnyGpd2CvKEEDkBq8
10o4YEix1nB_BkmU7v55t7bYJNcQjpXc6GN2B3Sq5m0
DOPDcfe_hdcRTUSzoygDZrRM0yiy_cLwlKePTUfoL4M
G3i7KzbnrnLM5koEBfCX5IGoB-wUBS_wAZpKsbrIHZ0
6eoAMU1AJDytEtO3viIi5VLWjslmCzTH_9lwwCY-A6Y
kFkfBHCJKzf6EEyaf5NG9oHp0xRU3rd8XsSlI0eCPGA
nsGojRRrKJj2JqRQTDsrk3Crjcn4q_OznCly4ZGrhBc
GjYGivuhjEyrFwBG8ikpPTQBfOVdEQSFH1OlwNO4sS8
JkUP6NRs_aXmPpI5DjnBSGalah07nM1As-ILwfdX4bA
I_lgriMT9MRnTkWSfDLzt3Xybhh4Z64nSJosQBfGmao
wll9_8ztx1xfLCWGYcl5ZFl0pbghA5p2Ad56ss6bLVc
U43CHRqaUCjOgM3clIfNeaELRKXtSN3TPVHeGXzDpMU
GDTN2OkwfjqPP8X6YnhhXgj_XRqDerLFEawFPPbbrx8
N_WKJxmQP8DX4QgfxE3Zn-vCgq5IfWka3GvZDcjN5Eg
jXnjfeR9A8R8V_auvBdC-uIC4eHYTYlmu73yEG1QjF0
mgFFOKwrQUQCGs-Byftb0oeq-7g-8m0o8V1J3ZZD9F4
3cQAZ_ln-wRZB87ahQxDZ9KUc5L24rw1q0nN2uFT6As
Lyct4rMsY0tsj_WPlw0LilI8xFoztaXGH_O5CHpbm68
GZ0PEw31EbJrluq0xdqV4Be6FQK0ASnFvDJEluxzMbI
wfliAsGEK3Q-aEVCrUNivrbUabDCN7j6C4RD0TRxPjA
QTq9bsJdUX6JkunAK-4e-U16DkXOXIlJ8Azkstem2iU
tALbpyrGGFCs456oajX9HJCZpqe8xy45Kz27VNvYxAM
Bfi_leNVux8JJQJBd8iUcHOI0ORJZu1WVWZ3Q5QxXkY
9XaijFktfp7vWa_gLlaQ3Ypn1vYlaSDNFEy6IQ1rPHY
9vKMkuCgfcMupH6-XAa776kZH2GZne1oLDJeAWfQsWY
2fZxIIBMxM7gB5omfe8zabnjx-3eRjeHpUgzLfcILwM
TJfyvSzE54hQpnDgSX_c3KLdN4R_1GPPONA4re2RtY8
_ibZciNELgn0YzMypOIS9JKRP9XvpvvvgtOiMj18z0A
ROS38A0MQ0Vw_xt1TsLkKFyFt5fhVdVVna9nVHXeB0s
lS45BGnnrxL_fX0PffBynpeW7vcYpyDnxPU7Maclvrk
67yqJTB7zcYHkV27NpagUbNYnmY2IjX2OaWIuEZ7ezs
FZV713epkBsJqE2JOkE0HKf51DJ3cdWiQHCW4yevjZg
1ohkXJk6hRsOISJAj3bUCiiwxZBtE-uN9AgXZeJdvIw
vQantg31Uo7C41nAdzsYWySpYviOI0tr5BxLa1tZxwo
kWX04nBCo4Shw9wOzz8B8sPb995wQTH_-Mtln1iPrwc
WIpQ0qbYUmQIHmtk5aocRwg1_h14FzyquxZFPc1LfYE
a4tHHrEmd57Fe6vxGZ0kEFVTxl9GKpO4jBBxrewKbuE
2cC_zRir4x9778LS4eob9pPuzONfmMPZ2CrbYXvAWdI
7WlHl3mgXD9aqX3JKpNaTV15S-lFlPWSs0gKxEe0Bzg
W0z9fHzBK7Qg1RwaBc_Jfbp7JfE-1Df1GxGz7dqA3ZM
-K5Ef5Gt4hctbntSspoBGQyjtzPm5UUBPiuqR_eXm1Q
1MuVfCQJ07GslGTinMxJypv-wemkH_fxA_zg66itVAw
t_LEUPsdNWnQ3Z45VooyksuYomoA5iCeWLiqDts5n0s
-0dsh33L0-Z6osz8uSUvtiQZEX9aF2l0tVYFs73NMW0
d0rEmg5Cn6R1XH1m7Z2tEpkycSMX1d4TiyMrRyq2U-o
xVC00JwZ7rfBvhZlLjwKLNBXPkH4DkwcwIVNwBxe6wI
n5mHgD1Fu-fCAxmC5G4MMlt0tE4J6kEtrmHcjIbwfWc
711JHsJNkORlbi312HZmFkHFwhW5-S70f1y0-HOVSrE
nHw6ezTG8qMz_jFKSlJDctkqha3ejg6HyYjCzUpcCuc
cgmvo4BojpUK4wFrL8j_z4X5qe29SisxV2QAX6y468g
5zQTOmp7_NMI7sRShthMNeQ4wJ1lM1nE__s4WiFi_Q0
UwrFk2X2zGi5a1I7W262qnw9b-SvgButfuwAR9JjyiA
R0IErj3vVtdB0UYu52h8KKFGeSgKASXAtn8hqtcUKjQ
dEU26FRiZS8lyjS-t9kok5xVJGadfibazMAMfphQ43s
R4dM62U176PJmamSEhf3mptRbN3f-DiyzGBU4C4UIFw
7NsFRmKwajlWKs0B48d0kWw7TsRpwK8d8Mzc3rQ3xGY
q1PSXQknj32e--h7t56Hv0suQIYQ0jL2ogsRtvGQuGQ
BgSpR3IS3JN-iVyvDKfECtwMdsmQfLNvr7LE3Kq5jrQ
S5t-sSTK6kin0QcdDBhsHmenKieAzdCFfUTpHOwbRlQ
hFI-LXGua49iRvzz7tapNK9p-f4rVTJEL3cwzPsTCrY
oV6dES3XgrASxpXHxXnxEfnCZlRJgffNMBHM6xRKUJQ
kMalTXfgD4CA0F9gXmnIr3OlmMuKxvZ1yW9uPjYxIwA
CoGACWxyHi13Sg2ouogLMHYzDhHspde52ogz5lDtvbU
OIz3e5tBI9VEDHN-i_zKH52aK4zvWWhE88diz29nmsU
003mb-iKy3LQDv1p_GqVPk2L0yHqYzqXxZupO3TirNk
qIVQDyEf_3td4wxFWC5U8reRAG-2oOggMPkUQ23Uwl8
SXYHxuF93byssEsSHAJQS1UE5N4OLA-jsTam_bUkIUI
ihDy3KmJ7P_txXk0rOcc355m8TF27bBByd885xoWBd8
Mb4-eAHwrVi_79yLQ5C0HNn5M2o1b5iGd4vL3Zvn-2E
Po52s_AxuO9X8rSZv1Sc9cqQVRVvkwcxP6zyyhAm-Uo
LKYYLjT0vTgYtG--feRzP97mWlirhxVPNOV92ZSO8C4
hBzNmWrgpdw3b_HQqA00GQenSbiF2H4J7pAv6Imm2i4
4NayThRAzBEejlHvCNUb9-L4Y4PYgkWiVMcR2y0I3kA
XsXzc2BKK0oxv34I3OJUeX1E3yNSNIBHMNwHmbITw7Y
UQbolFg37WPeKr-69kCnwWx0Q689MMOmnRGfEaxScMs
ybhVl1YzdrxTAf35PYZUkC9uUAqo5QFApkioXEiPARM
GzF5A-j1vbeqIkxdm7WMvETGpemxrEUUjbGhxByJXrk
qfjY2N9rr15azM5pFJ238bgAraoQTB8nJO7R3j3Pd8c
kBhOAd1K9rwqDQKstkYGmAJ1393HXRlluqPfnCkwvDM
Agh-uLKdxLq0T8uGod7-EtRO60JiTd6KCOcOz2o3PZE
E5F5hOReSoJ7LojqVw2WythlLY4-6_BBjCorbkPb-CE
Fq-IErq6rslf3ZC5ggy-Obr98aYiV-1oLUzxBYZyd6M