
Mum53XqVYzY6Xe36T8C_DHlfTGcHIX3KYhqH0CLcdk4
472OBP8P387Rn-a2Rlgkwf8sXtaf-6gUA6-6WMg_aPs
HKKy44YEzU-3-mqPUegTJdipTDsI1hIHaw3TiAgfhVI
1Mr35s2Nqji8Maiadjqym6YL_pdMv1mq1KUBdi7oimM
CewE0ahVjgR7mjfMxHI-sFeYaYsbGBGg7RQjt1W6G7Q
NVMrztjOwNOGLhnStEcUoZNJSUJv-aowq2TxQGWdjnI
rU-uUgItMISc1_63ZW8OBm_ykKG5IPBLqD3FzAsumM4
CcQWEhipeBex76sFK_ISMtkN5Iysdqqc9C96jLah9bk
b3Pi9gvFNOfIhcNoDaIs_FuKtNaWElh2-yBl0dwyJJg
mSW3JMcslHovE0yJMOTlK717EMlMWCUOSAPcq-RdGXc
sxGoyoKYtxTS-5JsDMnyaZgYl1X28MmRi3TZyPiEjrg
iSv8TcpM-tR8Mg4VXGQSeC_AnnPYq0skXuow10oturA
uXnVtOOC4NPZLcbXH1Lh1taQiqadPwHhLtNaOTPTnu8
-c79ufLWEzgJvE6J1hupU3jWjB0QMIJDPCNTR-GGla8
Xbj1szMhqQt0oUXUKNvRAWBPQrjM7XFQ7Bw8Dm_vaJQ
Pq3Ri9zmCHjQrbqme7JG1dORZHjcZQDTujT51UAeOPk
hDT91lXpmIy_7K6dZtq3f1Q9_BAZUO-G9ycV8pgUDSU
l_V62foFe2rJSYCa-oOtvYTmiQQpUK6IyD58krpKQXI
k1uXqEYmPhz8iQaNlmWL6I3EbA5LwtB7Eepe2jV7vHs
NyB6Ep4TKOnPD0N0K3DQQU65RWAdmS4WcgNtoc1izFw
HAAjKAQA23Y6HMEuHgKDSgbmzWM90DzK4a3Qh25-sAs
HnyVwrEIDcyTgoDcV-LOyIoa79KNKd1dRovHPMSQhLY
D_Iuv1JznYcd66m3oibZCI4dAgvNes52zKw3SIZqTog
dbz6R0FjmpnyVh2ldKjDbBzDut0yJadlOCmk-_tibaA
IR0XlhvbXChIAqKvY34W2xU8-D2ephpqMQX_ePbz_HI
sivM4auY7ZWnzYWo4swPqjnZiBuEii_r-z2ZaygVvUA
g3xTDwcdA2PZmLjbVoscHFMt24xEXxXZddH4KGn4OfA
SU3I3GHDmk2lFoWeQ9ga0RyhaAw0sJ6QdRSGppIgJV4
NDNOEMjLvuyMqxcMCgNWCBNx7GHWmsKZUr0nLoQGRFY
fiPpCcBR7YxyXscVbxeL_oQOZeYeu4bThoucc0MSOQo
lppuL-hvGIyW1vurlLumpCbPw-ofWxcR_nXnSxaNAhE
bJx_w_SJ2skURbBQtit4WYQeOQJathPKCc7PZV5xSh0
dCJuIqh-0vPlN3r_kEH8blM87OssHShofjluFiO8nk4
vMbt6eKqAlQhyCnmLeLEsY4AWW3GZOK34LVdrkLDmt0
eQsga5i1s7RglZ_IFpwJKdVTsH_NVCK9IPvQaDc_yQ0
2QJwaCAfm5ULq0Z4SquAarGYn5azpE0LfvVh2oAwVFE
b19B8IMaemRifGhcYNWedfJHs51xlyzr1Z9IieJzb48
PqX6kiRRVeELTvlcBhbQZG-yjLpH9dt5FgImQuNZrK8
PoNyx_zsDXsYVDPtZbOO1stnvLa3nVbbEGVYzrUGuPg
8IPba91aIMQlvQKP9HF7JQx2_aWZaf9egv_lKyfmJGg
ofSr8GtuekuXFfCIgXDcO7Pq68A5X9rnUUnsBH3uH-c
71Bb3ZaneG1gahd3s7lcNzoRPuYtUlUeE9GEDTSz5is
H6s6KygSAmQNaKsyCX0Ot3XOyz-9gteHqzbGTZ1Egb8
Np1uBVpp2_pl7p_lLy6VY8-4y5EORGs5Cs22zcKQNXU
e4rBddzDGiwiVROWI1fr5plQF9UY2gy7FJQlUc62s2k
meq44mau3EU78uc9DdmSNs4QNKvpCdK9GTaQkI7JM58
4VPaRsyTLyafLHdSLyw5Fbto3zL1dlQWdmwLw5NMDPY
PUBp91ssG_c4E_e5fC6ORTBVd2qF1q38MpTc0hxuZqU
TpF7kJhk7ticiskjfzGAkFhVPCz1-8yaGnXMjLHxrwo
eqH9sZ7p0eKz0EYTY2Jhjt_AJm4-wUJeSR-1dDUYKr0
9x7ZqEAg_Yn_1eU2iaS6IPD-zqEKor9mLk6Ou_7rwUc
IWMWmMIodJmKG3oQuWouX6uVv6oaZfaKvNT94tTpkYo
sNIQhMZNp93KhN44PBOH7Hl7IvROdI2frRXlgbyFtoo
rJLzOGUkbHhc95-3xEHzVUqzyXSFWKumqPr19R2Gwr0
VIldflI514BQBFIVTlalznwpKEQ1hfbeYBRxbFAKQZM
LXmjUpLDnMla4r5oNm4OmAdG8gqZ-IlwxiN3D2Iu4ag
9WOxVSz5pCG5RQf-O1YTLVu5IujXG8Vz0nrU9LbA3uo
yRgODdhlv_fgTol5xdb3CFADbQRFOY0xeESMpQ3_lGw
SuL-mzq37YaFGjV6z-UiVjhXyx29Zc006__3dZCHXX0
2tQ3It0XOsK0u5l_UlcQnweWpbpKo8GautemrFOETmk
XAnfT-nNWLwk5K9gCqPcTKSTM2czX9C9mC8xFD3-5YU
yZWdpBtuzIDUJ0E9P8_8etT5RDs2L25kENJogYy3a58
p-rJnBwC_Lnhsc2vxrc7Ok042viLtVSgk5LgFpQAdyk
k0OlEU6n2EZzg86Y7O1dMng_XbXN7t7I3w0fDNWTtmA
bwLkOXnCzXr5jDIFJ-E_McqKQWpTx4ijpDMmK525REo
0oMEIYUcZzGfM7XnP1BUDBhzfYbV53sQ_3y08qw-Th8
JRLE58OSexcaLRbmzyCXbBL06XJAGKUSb7xFumz202A
jeCDSxXE4F-fwCNQR8xTSpR_DcAwOCcxEZ8YuCaA-ZM
m0Jn-7s0HDy7ayHSQVv9eXMU-J3eUimGHb_HhPn6FhE
wU5aOx0yLOulBm2CjrO7W6tMeDMCI4oy_qpKeQpmQGk
m99eYETlXxF0A1-C3b_KzDSXKdn9eZlo9SwTZynKz4I
T7f83Z3ndXWK1RxwL7xTjAB-8ipisE3vkFPv7vRYKI4
1T78QLj2qyzRkB5hPSpmwR2ZdW2GfU446IDexECZj74
HtN1X47V5wJPq47nGz8CU1x-Vcv92DKFzMSb1PCIC2U
NAzkGC2xhBDFb4i2uHYQnjbWtglhcZ41RFLh5jEPle4
9smbGs8uGKLyfaoLOyFjjmx3BlTj29iev9ZelAf6aiw
Q_bLlqSf_aE6skXIusXJ6bsfeUCfw9KcXEFpxnqWIpU
aM6xSGVTOBTyYURNsgtSgYEfewCDstgouueZ5ICZtgs
Q1Rw7GViL0tRYS75iHVy_JAgIU3DO8owOUf5w-yRH5Y
DZIiMwnICaYBydFGwyM0FMj_s2qg4sgggYaubPTLIRI
4RNZ8y1oGWUu21_O3b-T8fUNEZk5E-PJT0F_YORaDAU
nqK_e07a03Ab7MbmaHm7mGpVnLXm_TCFcUMuKKUZaP0
q6CZuckSxYvtwHCa-0nbRIYIjRukJp1V47-dC44PgA0
Eo-q-gxrDY7jDKQPM5I07BY6R_BkHRWVoJ4HwDpAj4g
mcc9p6CrJXpKEaERGMKTcB6vhpf5Od5uZkaPhS-d1ys
aDStg_H8HdN8ngWi_bffhKKrhTfpXetjgnfACf00Los
ozX2lC9zQXG_w7B_PBaYtDai8aoamp3pqTd6EoQDnGM
5hxjCowAgY-6ibvufSDZrk-PK_TLt_tJ-P0MHIyNOls
olq43X3U6fbzEHsY69Y1peB1JY48rVA_YwBDl6KhGhI
USM_q6U7PiVZokI4kVpZg1q5UpReC77ePrGosvdXXz0
6BthsfbtxgPaPZoGL-zcFH1WGUCcbqh0cVKMfj4SCzY
wfzk7WZYpJ7OvyW6oDTMqp4DzwGtKmFKQhggb89YK08
_vJoShMcl6ujqjHJc0Ay5L7R2qcKiUAZBn-5mpluuAE
mEQ8loTUbcVYd6-OfFvH9lS06O6o408fYUYMR9_wbfg
PVNg98z8DO9IcXNz7JL_FsT_RQ-5etevGz8eASsB66U
XQmR5bbRd5m6WIUefzV_hzsZOL5Eb2r_41XypoI71Xk
Gfc1MHV44B0QB3d95D2herDr2YxLBL6TdDky0WhGvXw
9lGCNQ39kNhuD1xyljD-rpWmkFFQPD8u4NyhXycvzUw
Q2fB24Igzh_Pn0R72V9NnXJtUAsFwc_SfMcsCn4jsYU
hwAkqaoMv69xfkDX2D5rkUMVTy2ZBk27jXKWcod44SY
OR3MrBPUBZ6jUa780E4W-kRdqEBtf_xDWjXXe6K-Wns
vjVettUceH9wryh8-YM-C9TCBvX_8pIpn5Efy_UoTzk
fQjOKeYjjGkKkdHmgbJCAfsWlkx8o_jQnBdEzjSDxCM
lGlzyifnz1uXJL1K0Vdp7B88tl7Zhfq6BHL3Abj5mSE
ULD3siIQmIU8qcXJY3tuUW4AZTGyI1gpSIoxclRE7eY
G9h_WwZkGLi9J3arUw2sXCIUgL7WyMs1RV2rBD16MqQ
uOp7A0Yolp7WHw10R5zzT4RxQ5RfOQTjrx5IrzSaJXE
BosWONrjWqQvp0WdvnUc8AOPyZ9x3B1vWmRT-xJHpa4
3kHoQcH6h6nUgieUOx8jNnvp3V3r_og-Y2MiL4y9-i8
ty-g6wQaF0R5Q89zO7TF0RvRlcJsvucQq7-euHjUVAM
0HOEVFD0ShJHMV8EEnSQNEnMtccmYx-O60PQMvZNZQc
ZLy7y5z5xT3BZI0FijhcpA9LBXNXGCiW9L_sHAcd8EE
Eq4sRJl3rB2FFeJq7OHGozgbCvb9FoaBXo9zOccmkSM
US5CmobVWzSzNYC3VgwIUgYBmyjd5VWq4AntBc0c270
S6XeBdlVi6pzYwZ18iAER-wZ55AqaB455e-TqY_LGSc
7DbCUh7xoJbHr8bOxLHHx8RLk6pqVvqMgHT99ETTNww
tuWDgW2T-zp66sZl8urBokGFJqKUBKs2Hsset9eMKfk
Ucv5PFWxAfveJbRfKm1RuA3dNIV8yUXLfEWkkZ4FFtg
EVJuKFdN3TvKpuh35WFEBRUniJIE8w-VUED3aG9tsjk
gKQ9O54p-GBPvS-3eohWjTviMWuNgeAK3ll-w4U9PyE
Oe87bW1orzzoBgQFfj43irpPDfv9NjBiqk4geaEos4g
DFuExz_p8z_3GQSkb9KNQIPh9fPXI2EHeAHwbdQKMNQ
Ejk3kUOTeGNYxh_fyYjRbk8xZWv89YcCbivdFhtyzpM
HJMcHZg4Vvkw3QzjAIzX5FtgxOnjd8mAA_AVcWEB4qE
dPaRoq39menkGpsEfSmSGxyafr5tCz2_3L7-xRqZC18
VUyXQWap3d-aN5aul01pPZG1rwVwxULtju5_GQz9_UQ
FsS4RSQ5WIlygK868b2JnPrZ98d4UAi45AEqTh5Q4-U
Leq15JtxFbsoH3ltIEVPagTRv5IeAGMhTKI8uFwIB4g
oh749eearZOrVvyJozWTLQ-wfco2G-XD6HfFeoWCiGc
khEh_kbLFpc1DD53YKxTrjJtnCLEEGcUwFe3I73PAqM
EEI9xIKQi-qgwKFJyqt4Sm0P5bEawlfUmGLinjeSS_w
7eHP-IvlJFMd5dUm_heFZ-HndjJyLthraX7tiNnRzvU
EFWRf2x6fNBZoyRiQ5qa2R-wPz4bfQ8Cranu11xgpNI
SJ2UG-pZcjOMw2sOGpZfTbaeQHTB6cKRmwT5i7C21do
wfQBea3BlmCi_IAMPzrc5g9P-BMpBWH2jiJ0eLcbAUA
1CqGUsydt2DtviA8sopX2bDeBbvb3RgRLkJacmIUgmI
Ho4FbDEoDHYyjGfZDgdRwAqJETqtCvihKChEZok0LtA
hnRhsl1IEKZga-rx0yXxY3PmmjtuTx_sRxZHwALszmM
kkZakni3pXMcmvp6L4e55HP8HYgD2HdGXupGKHL7eH0
4tWSDisbgHH_BzpRNNlMVnTZccfyZ-SKIgMyFVzLh5Y
GxwQHimzLscSafUeC4dRIdlSBEubobkDuS3AAxzVgKc
Iyr914Ixo-3ZKgYLB3PC2kkhNI9RKR0yg5UQCrJc_-s
W-IuBA4zg5kkLJxat1WyexYv6iQyNysZi3z_9ADIXvU
4uxiuSGzQhlPoSq_7ctQ0uCZeV2zmialni-zmyxqi70
kqoEHyWJBceTHDODYjel1C1x4ntNdOz3SZ_iWdv2e94
10SiSbwuhW22MCphXHQYKvCR8Om8uMNq_ZMMNOTRZps
bdgK5Ldb9MY79kFNbDOPUMWF-4PD_cWcrqi3m3dEELo
tmSwea4dZCzDiB8BUu8NJp_-SgLZZtqi6j7JCDjmZ9A
stZ6slzhfbw5yLXk6ny-cENKrAuf9XnuIEMAVvd5UV8
66-QsyWsmSN17S_tD3AZAK_ZbsfKBW5GEs3oOCq7_N8
D5ONYL1Q7sDHeciHLetzuzm6QHCEoMt2jFiRipCbBwo
eY5Wtd0xEE5eqntEhzEVKwCdlnVY9jXEj0sMnpsaF6g
M7l9CHNhg2n7S5LbxbG1kzCWd5O4H5zOpFntxhJ1hH0
OP0Z7TfacywC4bMN5gJa2ko7QV_DRM8dGj0LeU73i8c
xuBUto5xfTVZZK6lCT2ZTk9AQiZGHTwFhPbRYOCdAW4
hY-nJjT-XbI6Ei7RX272fq1sbDRv2LFZHl5Z08ZmddM
s8_wedPgFyiWxPMNPJdKFDSCg7-Sjzi81Jnm5h5QekQ
Vhc0lHtu8OS2aUw6xmShZCStDcuHhvGZ5kkLkYJLb1o
3-jnXbvnLywLBw0TElNWl1HGJSyRUj_d5xWM66fewwM
DKpxelanN-FNBgwnKlaoXEl8iCO0Y9gzA0w7GsWPSEA
lBKYgvtLjKkrKW9JYAaObAj-vPiP4kuJjYLDrmNNoyo
NkB5WSNLtqiveq-tv31P364oNhlMQARoSwk5LIjPO2U
zv3pGvAH-GijGMJOtHfEHXhQQJnTb9j_CYFvS0ko5KQ
hdj7ZyM0tgo_owrME5Ho2AXt9cTPQfm_N-_TkjnrVCQ
wClkGvnBvspk2QPCO0AAtlOqatyzQj_Q03lEFYcALAc
v4eRfzlQvo5TMwsqXF152361phAZNQiA4Agbt0njdck
eE00w1ci_gzNbvz2NeY8nqgUW07o2b80MoJc7ToqaCA
stpfrLDmpjwYwR_xR-smEW3wHK8MYGhEDpGw3MJLzBw
4I6r2n8U19rUumBX4cBREw-76YrQU99UEqIKtZHToLk
OOVc9vztsEv7iRC-hA_bpJISy7JPfd9EpWUSG_JD8aM
QWxL4UbN66gKAn_YF2kA0yssvX5B_6I2dksw0B-VIkM
eCuxLQbVkqIiygiwwtGHaSBBI3QYebcffearkyyOoh8
J5votD_q9FE-1ZZCFa4VAIoCbtY6i1nw7ZE5qgD-cvA
g-em2IHzy_Z66epABNh1p3rpi-6ruhLcW9JmR1QvNso
dcmaPitVU3VbUFSbuv9LEKtSLrMHeHA4OWkQ2oKlxqc
M-i01GR4yB8jK3qn_9Q7CW9SBCHCXdW-e74Kc_gq6jA
Dv34wR5gXFtCwa6VG8kM9qfTBPoULOBC3Ee44doU4MU
blKyMudKKT2OyqHppYz-Y5hqKO_gKoorJbX-kg3cGAM
riarTj0uUjkinnEuvOCm9c1RTDjDOGbjMfnUb8QB3e0
NYNHbp_kq2icApMjGyIPu0OYI7zhDaK8kY6tWUfOjqQ
dZAqz9u_VvG_DtrI4TFPIDNtc47oGd3yfHD_6uyLQ4I
85n9jJySfczXrhvrWdvAROPP26zNm-eCkGi45vPnLMk
i1inT7ybBHjFB6pmllCUwSam-XW1RonJ_GpvfRPDnr0
enCRvHx4TLDSWN_zaVFhpxnxZhf-pEyXIjv8_YyvVXE
MiRONZX_YgCPr-YYEkWVk8Dsbv6qKaO2LZ2CyOFIMKs
S2_9hffxNQ5mxt2E9uJWxhAyNEn7MDYh-qR5xHRwfcE
97R4Dc1sQfse8nq2V_zRiFw085Ap8uHVP2mGH6VBG30
JdOf8hGPGvmAq7-V1tlepI6XdXR5US5X4FsiavNmKfA
3L6A8vSHzAenSEaE7ZMGpG9iTm1jQwyeSCrgsjztBUM
6LyFuMLmrHLbEuMOrRiiP1FylNPjRsVk1TqKCOT5kfo
a4NqpNHdqTgORgRP4CSIojKHNZ8qW3R_CDqqKlJDF18
ugByAFSRF9xUJbOZsOSKjPqaOPMxN0OQio3z6T4mcpI
yPuYncNJHE6OaL0hPDliBhZ7Hoi5fOqFbeFarMiWP9c
5XUrVEK42UNWJ3bpefGAxpLS94UBLXVEVt-o5hsjRv4
GIksyUoUEXXCD4JGu14iuw1swrxErGOUikGUfZ3iskk
nCxCFCZm9pwVtZtpjrQULimInUVZui9iLDqdXeNrwzk
HRncQaJA0bVNoSmNG0LOyOvhXMZCSqMes5yn828CHo8
axu_LCN8we4LvbA52S1hS0LGPLvnH8S1le4kYFFs1jE
_twK-uEWBjuRa6007RGKlZepPkF3h1DznJY9ZSu4NtM
Ekt06-FYXK66C0ekrtL7kIZpE0Se9_-UBRja_8RbpDE
d31ERgJeMYQ0Q9cBxS-v7DDdfgojAufDrSL1-jwETdI
RH4Fh2EhdUSOvO4DKCrugxZen10WVWav_ZIL7-i7Z2A
DUpAMGv1MUmExJIaGZ-9jArv-0cmq-aP0guSPgR1A0E
9i3Vp0Bb4tqN_yBFjUQRMaKroC1DIinpTFKQTMlHWOQ
m5bTcs41NtfemzomSGPc_CCdien5cFyMr5kmJqp_uc8
DfvKWGeNI27r1ysyxigx0S59Fgu2IZQamz8E-SOkbKw
E1lE6gcmCLslRG4wIwbfS_vRDJlCkecZhT_H0l8nkR0
iulHrymlFm0c7MUHCnIvP9c8mLGCGZcHUxTUD6hzuVU
bJjb2B5ngL2IoiB8rNWQuWExPpOQy4uXZvpk8alVgoQ
WmNpviCIzaUM8sY24WctRlqvK7Jf6Jxvf754FxFwVN4
i9zb_BgaI9QGV70Jm3HWRRZZTdfncHz_GevBXrS2_xo
SjCuLfL63Gi6IqsADozZgFBLPIq1nrciTjZNK2QQwA4
d0eav9c6P2fok9JxOKgml-rkx9REXOlbra4iCOOr0oc
EeM4vXoQfMqfITgkTjl9_CSUL4-HjApeVft5x0VeoSE
LcceRX4UwPHEAxlSavdu0HPxKf5y7aEPfUnPfWplX6o
mdlriDXDEwErzLd5ogBcPn97lLWCYWNZjEhBwjVtSxU
rpd5PjYRJoK-rsKLZr1g9Wy-5WG-EOvN1qFe6nXkVqo
715pfSAJ3UDmwxmwTdhR81oS5LdX4IY7pE25e_3_xk4
Z_1pV2TbNOE-X0b-qZd1xKgSg3Tao4xtwpDN9R4QUHg
N3wck3G-sBhjY9xZnIAmJw142VQzqs2rYOvIdZ5kAW4
OQF7kaUprMleq8B6g59nlyHfpq98tZvCFMAHs3Ddi54
WvQtNYQIgOpTRh9hlDGcGBFChvr3iKnJTmzXVJ79QdI
CosGjJuwp5QNj_DS5sWJ8EQ_KYRpbzEDEfuyC416U2I
mvzHwQv9O8YSjqwIG9Vz3xCEjUWhyvV9ZCuMirryR-g
zELcmFL_dd-u8ANp7yoUYKWBQuDQhvQyH7obSSUtAF8
F4lczgXNYatzokieYMaeluaOcVArw3XIdyGhPlgYwCE
QRmsRGk7vZyKfxVj3MA0WPCluRv6vooQ72BA8ti2dOQ
EiHCQ9Fe7p3HSaIB9vMJA-KbrMDHNKei8mBLUG-EzIM
Zc1GVRCk9H2teWf60pHcrKolCBX9sVieH9Kivp__98E
1ImfMPWRmQFuQQnTbmnTNSCGvkJlwmcTVltYtEklABI
2I41ETmUPvh8VdwCy3bOH-00a8ww6fE_DiUByOMi_34
-LVOnWr1tmHFbzOakAoLBjt__d6TsPejqWhwHLxFALQ
rWsWc2qmfjq2FGJOtO6nju9HHqrOdJdDTfSF85gJqvM
8fuS3JPD6biDs1PHOnfGYpPIwIVGX2qhygTABqyEJMM
zZLzM-SwPQJquUnHnzbxOyWkb5rnLZSpB0VJOlug2x0
UKWWC4K59Z1X7j-cwMUoh8cM_ugzXQAFGofdur-c8jE
Tk9FmOpZ0BnDpayycD7vppREYcroJSZD5aUIbFDmPMo
lDFdJC6zwJsc148Gob0E4SCm7E6UWLn-qMaYZSoRqE4
1onwpzBVVL0pzx0HSFuf9wwfEoneLsnkLUv4LdVEZE8
jVT7pT2yuz4fXTae2-YrBbujYhQ5-AvPDYmIdqYaHWQ
mdJoy3d0PCO2UPYInNDluQXIh6ftQ8H4-T2RytUPHU0
pUtvTQNLPVmofts3qkUyZPPdnpL8WWoq8FjQ6x0L8AQ
fCJHNbkF6tQm2n6bZIPm-54EN9lAlpKA6MEXKpaDAl4
z3e8-7SKPQFK_WHleqZ97O7SuHdhGiIKDR94sxaRgdc
bUQMiPc97t257v1y04Pp96-nrTJv2t0uuaLPGUQ4Q9I
EFgg2R5zYc3V0kGpXMR1nzle6CWxwakJD8dXRUJ5SrU
tl54-Z9RpoBl0a64w5_xIHK05o637oIUqFWWX0HIoes
XNq3fWvb03NMwR233JGJdQshOBFwQssJl9W7ySdoJ1A
E-eU3hxUHE_9A3UyRB_6a7jIbiYJxML--7b-lBE-opY
zrnLM-av38xwyPvRlOmDWh3YqYjKM00occLPP3eGO00
Iw9K3DDFmipcUdtk8O_FWTJzsGNOGIzM-he1EbK2_2Q
lsjqew0u0DWgp8NhKuZFn2cbDAZMuWoL-f_MbG5nClI
oi10l-TTmwhtupHW9zEgBYIyDFxjCHCsLC_rKtEQKnM
zfmvL7cOW6oRPn0T2QjCEZ27ztocW2MbPRcaGHg9WzI
xwrhVTHmA_AH2EYaEGMloNJ6XhRoTnrBrfak082ePkY
1bnabIZHIUAeLvjR9Xv1Bi-7AIX8px-5SOl9u0_8iY8
ALTs9HbafIvRpd6UF6TP89zKZQf3OOzcaIoiUOFdWVI
rYE-bomz4yyWSzmXC_yOpCSeHVukbKekNSwFISkOhpc
zXPjKg7C5cNV0SskxxfFBEDtu_JKhE8IrubHSHO8dwI
NpLcu0crOv5H_SoVr4YCx7Zsknf5WyB8EHQvEFjjk30
Oykqqlw3HsmCvukUMxkmkVtvst0OCQWHGLonl0FHeY0
0gB71iVpFJ_IU-Ra5Zyt_VrhlHu-Jly_VRfPYn6KIOM
Lj8Kztgp-WDXmJL_YUfyh9zixB4RgYpAb3XBeLbKyHg
l7JGDKOriLRUvEUyaFhI7SQ3mAc7cL0WDmKhZyI8IbY
N1nAdvwLiL1L6fDMLSXYGo7a9NuFogN31BHDuFJDAuY
A2kSbB0m7ZHD24-fKkWPz9RAZLwLt1xVHfZynTt6M1M
O74L2wUbE78T9JBN5SNZx9cHQYMSw89JJzznbFr9_d0
KPwq26iRsKLVVm24-NmrTbJjfimRUMVv1EVAmnhNNTQ
0joUBZ2m_-e1MM6_T0QibViyQBLh-o4dGY_E6pskphw
2jarFIJDZcQUnRueIw4msnUKqR___abVbk5KAM4nfjo
cEnAvKGLnbrlVq9NB9NB-Y5eG3LXS_ZswgW0uqdziI0
z0uGOceoC94wfFD9whlz8urOEYtF1oUzld3Ywpwuyu4
PctSNws7ojQihGzmTzm5NgCE7vhmpUMFAH7GuT1QZWA
cEKACEipwaEsAd7lmm7fdpy00PmL_LbTRBQSK7cehJc
GwynyQfDMPg1v1mDc1ulcA022WDE2KsKTURRy7HRUMo
vgJuX2O6OTok0dKzwZiBeNBd4Tf7Jv5k5GI1a7MUeDY
9PbfgDdEQLronvRJVhG0hrQ5ToijP0mAw5TvKqUsZTE
9BP-kkSAd8xCfU8Ps9Z0cgdPeU91PtpY6jHW001jQ5s
aY3398erHcyxuw0ZEBrHNQCGisDZwxN0jBxyBaxfN88
GHK1it6YmMfWjIgv5agEkwBXbdA1sML9925EbBjtXts
ievxZL8gWnL5dfgbEyHnLErDpJyV-9MeI5ze3TXYEI0
u7Na5A4CXGx-SROwcLqEv3VmZGeoLZVJV8xbKtiesjQ
qLhP8sqhXIBLzt32MpHBnVZlBIsA2N84GKtmfK_KfOg
gLjWsG7QsAV3vefc4lw68hECyTqMcRerMbcJOwYtHho
gZ1N8DqutchKf_CuGZYd9V0OTJJ9zN8aC2YcQFFVMmg
7BZxpHgqzX-pcAsfuo3tSIz9nNvyyhNfISvUMa7fZZI
_SJMOntUAcVD6OZYsBSyFpKzmCl-dyMz6FmeyVrl0Dk
YIzWSKmtD7fH6w04W28H117Uq4hYohPIowz5__zzBxo
ich6d0VHU3jhvjbei0EnuekRxRj5ajCp1I32oUkO4e4
HQbXi4FLsMXfLgjWo-4YoNnB2xyQsOxS_kvrgtclfjs
1VymQMBUHJq-dQCC9mkG2PgjI7RQtgjfIFAoOR8KNiY
f3HcoubdCjG6jzm2ga6MIfL5ZQPM6An14STlhmizTBQ
3PBqb7p-NxV9liPBfyyKW12SG4phtbmMvZG8DVq7yPw
xoEB5XFyNy9ruA8KZ0bidA5H3Y7msZC3Lh8lQNUG4VA
-8AK6wRPRICZw6Q76H7Nef2f42hRxnfpjKW30n3k15Q
EnFsmTkhWcbJ1TFZZoQ8pZZcZntBYl5bvomCPwJubdw
jYcxkgd-2D86GBz29xJSUxrzVP5hDEaOMy6WnaFz-Uc
suFj0BeRIYFR_m5KBEXE8AI7LCbAeNsDdws1TAox4a8
CJNjR2k67tfF0tO3xIByF2LmgW_WCYGYkEbHKYVZzvs
-knmJIoZGPfYwYw3AM8t8Emjic9fbAYb4jQtOSEdjKM
ByeXM0VEfMyV8hF_Wc6j9hito7GP9x-JfLbr-ih_kIc
o3tYZ835Fpsghh-rFOE1Lqa-SgNHMRNMzYgm7AIwZPI
cBwBWXzXPNTLNE6g-uL_gFObhqHgnm0vdgXAGqFzJus
zFqLJeQaqvItN8ZVtootUoi_opDi2qH4m-_TfCeq6mk
lObmu7eFT7UZFa7fQMEWAL6Ec5Y5QuADvUIdEFHGK70
LrRBZdtio7TR65b3gwLFnOODvOvL0UqTO97o4puoz1s
2Ibalxk1emP9acY09lKSHuqjBXmCxPcvI4RREy-jo_E
AQxXAbNCS5xQKN9bnqdwCNpO-DcCymvfNYLyOZbd7ok
S1jPVALbsJs0kTLWIES_Nhm77G7fGweHHiD2rcmCMy4
zkCzL1pZkz0k3hwRjXwqDk-1HJAu66_fGRAlRwUiUqQ
fzCBhEsJvhZdWu9pGFDscwpZ88wHcfKdqawrww3w8uM
KOAsXA_GrNNj5LP0K65W8JvGaAMyYNp_-IsPinBFMrg
ilJJIxZ9natV0a2Rmh36d9BtxjI8XYSJPaR3N0JqONk
36_UTX2f8TaMOYImjVxiQ4F1rurrhg7vdXD68M9Y3PI
MH_BdKgF5DTcfzoQRG3bwzsSR52Iau1n1Erv075wgQE
lY7AEL0LiDoxuRsdLJGyXS5bTGXgMNZUbHn3bU5LQkk
lWZkSf7M_BR_orO1FS74PZhP-C94Fil9noZU01JPt5A
5tEog81hIJ5TVo7CN9T_JEfytc1wJv1jYvi9vmyk8-8
mtuxjne7L-kBgILIeh9Ijhqqyk9Mb4t00VcqQ0gkNGo
Tc3jMigYnFBxVBtB7xzgN-th0pkCgPfxW-H_6ssBhmw
hQt5RZWWtZhcF8h_nbxmMRG7wR4u8X2SXme12_cjONE
6le8epI01D3RB34xFGic3YWjLRpfZdj1YfEj68kki2w
2PIf9EHah_vKHHVK9PklaP7KOVVvVvzrFMLCTYeFf6I
U8wuZIuQ4OQmLKf4pGDkxHKC-KjJvORjydZfoBUQJE8
mjTy2YmHVKpjIa2LAZI4X3eH6q8IsY0S5v0HX7SW6hQ
30Sz-UWHygpaa9qKwJY9E95EnIdL_cDdbi65W-fqCWk
fsBxU7yGfBdyZ_deoE3ss7Y_iVvBIyEagS1NWGggw2c
fhYY2qnutuiMeV_CWQrv6jGude2I8eOwP1c7H2kW2kE
x71Ie7anSA9OgHGMxtW9Gm8CdpJJQeaW-Xk8WTPma1A
C65S2GZ3wpbXxZBgYg9Zj_j-NCfvlR6j_DtMGs9mZVo
7mRcN0KL3RdjzDPBTaOO9v_a0kwpPdF2ppc6t5L9xwI
YkCld7Dp1yLbEeUzsapysNqLO98BBWgH8VCqSnrMlRI
nxwmxu441WY-AoqsZHVbHBCOzvri4_fQ15AtJCgr5NE
Hh7M7QQl2QcID65Ua1rfXl3FaFOZK-2OdZAY4x9H-uE
PxrI1aBm6-G1avESwzw3cth-2K2DmySxB0YtgAemaTM
YViiQnl3NC3DtXGLOOEV9mUApPoKEF0wQw3YhhoqHVo
kBKEXt4FiaV0ZDgsoRBOWUgxltpj31WQ7Ua_ZLpozas
LFoLP70qZhUnKD7uijddoX3m4P59kGT-MGHT-Hu-9Mw
H3j48GRJp5mJtWzXcYx-SuQfLroWhHKb0t6jxnXTrH8
z3R9ZNSysgr3cQrI_QVVLGDvQEL6wEfvQ-IN73J5dYs
whfjcEhlSWzxJxgDJBq77Z4aRvAWgS4R_cv_A8oMhtA
bfbcNXqXg9PUPyPtDeoMBAxNS6TvtKsx6WSz4kLEwlY
dkzQIhAL5RRL1lIGHanuG4suq_8KhK_TfIzMEfG429o
ZTnTUgqElKPdPK1Ar-59J5rxC_743PVytygB8tRY5FY
FJnNIGKMEdwgDdT6HN8CbHhd0dlghIif7OIq84Qb2Fk
-lHb2TAe5L-ZTlnqVcO2-NPCGnnwm0WqBrXXRMrrxpE
l_zBN-erVOAFFsjB8o92khskrHwKaJFGW8IWpfLC59o
tf-P8ArtOgmpGKbcTDYgLrOHHncaer7i5pB4dImHPsA
3axh4Cg16KDUoZQ20pb7yFjnoIzQC3vjSCm80Hi2Ia0
99dMaZzz6lJiGA20RzCrrknlxdkAhELYJJNh1XDrf44
lfPIHT1-iQYS6bPAT3I3ObnU4WqaaPRRjxlj3fjdu_g
0ZgkcfFNPdTAGj9X-RNuGweZxkLe0Jf6r7aJ_GNHedM
Xa_QacDZtMnZ5anKL0i5CngnKqtXssy7wO-LX-Tnb2c
hCIHsHxGxeYI738MeRMfhVObzPVQ7DdJeRGjHIZ5Qss
OsJROcBaw7FyrJ0JAsniDYAZzfYW40Ny29hn4L1A9hw
gluWfCZjObf4AGWU1zSMP0wgjCp8mA4sooM9r6GAxuI
v0YDAaPZwhVv4-fd1iJ48tj5aFTJfv6wJHrwdNJbZyE
333oTYEMd2q12b9oNi5hK9VCEs-DcGqg6BO_2kpvIdw
CygmTDAAnomffz1FwFDlPbQuJPz_WvUXu00xzFxRaOw
8DqBOxIQWlszmiM6B12OIApNjcEVWE7uLkhRBP-HWGk
T0HxefBl8lpdQBGxkiIW3i2FP6EuSdbkpNpJm1CjFKQ
jTBr2xu71Hi4EPpXgIhD357ceZlUUYbyjbt7v5Emac8
ZbgzPVrNrZH9LbQWMyehBbTsP6-bzCeNZ_ibLyjAVa0
aJCPZfceQeXwfA6guWT8lf8k-sm_JgersEh5XU2sCIA
RAEjAHfDZkVkj92VIRCmS-qKZ33d0-hrXnzlgjzd1lU
l6z3IA9_PDzXI9j5loIZPuBG0cvg8BAc5XmAOatSRaQ
sPIfY2jT13eNdVLv_Z03fdx1UNoDdjsiWzX9fDSQAcE
23nwDOJtgg31xfg9xqkxIvHC86IaGVxOqOdp2dKcSvM
ZI6YozVd49wlZPNBRcgtjfs8eeCZIS3bsq_vS3NmzL8
dbY2sEi1hViK0WBkGV9cEP7AghTjw5SfOdoEPYOETZw
l24n4ophbVSU1wDoU69cLNH6gssaDQfb9La2SPm8jKU
K5eSL65lZn-oIVcVqzuCkgMAkLlM9cqoP8r43FWD-WY
kP2PQme-7z1ip_qNWW-sHMbKjfb4-U87rIub1-ohQus
Az_sHpHny5DnG2W6JiXPqYbUc8cgzK12KBl9up53fQA
f1DifseOeTcoqkm0Prd_Vlaa0I0CmgIzAdyVvedvkUM
9KtSajKS2ixChMPD66jz5YxyRKvjruHjqlvn3zixcU8
xLagT49GoJo4GnYJPOFvUR9zBacVGNnYSQqFZZ6E4uc
TUpTjaedTQoHXDePfKJgwvzQ3DzoWtlNdKuQ_qNXTxI
aUqHvzafcpkZux_nrtVeGinGhYs3bcr8WALAoUMuuTk
bxnS4_Y8JLXMfl04YAJF2AkB0MKCHfwX7WIszbtPxNY
1zsShJaCpChd5ycVJN8d9NeR2syhvD6DU9xat0DYoak
uNRnUFy4JMjc5-TfRRRsX7VNfxJbFuh3FhZguOtC_fw
Y1K2qzztKiq7xi_5qF-1F2iL2l4kFpJ4mgQvFaG81Hc
HK2MfpnrdlN7Aiv3LxT0h2EAy9hC8ySAAfIKCgtsAR4
rKtijasVZbnYVs_vZcIx4f9olH3gLic2zeQX3ndEXjw
GHi1DAK_DVvtSOKQXjZT19EY6uIxdVCeD-1nNESgT2c
EZHL7cUdEr-h0nfF8ynBIkgy9kvOIIwVlaOxLzJ_CuM
UgTHUuNTp55Ea1sM-eJp2TeSUkRtBpQmAUkSdBt4CdA
OIO6XmjJPzh-FUbXDDATe8jZx-RjOBtWleZ1HjZfV0Y
WBYPjup8jMR3Dm_iGnY3axzdSNLU91IgAEJHyktrLk4
ITVCe-6C-V_Vb5EVqqhtIqZhdGkpx20UuohtP9lmjgM
UoBXClYkUMsy1zmD50IwmFiA9xY2oSufivw6Go__Zuw
MHNdvFpAZhfCh6wyWD3JZmdrCYOwtv3b8LFHk4m2opA
YzxOg3ZvQBWcGUyHnVN4ttXlYzYJEZOIO76gNkaq5jw
yVh4Eyyqoy4TSb-R41Ht5zfywzbo6ib5JI2ssudijLM
2fL3PTvP3K3NjNpSKS2h3TnOFxCLwgCg21u4t8YgwnI
GdklWE04GepGNwUGh6adTQAyjdiFzWJ6EvAD-XYooF0
yGndQ750f3_bsuAiD1lYWUSfFpVqZtGh1UzfT5oBMyQ
KmkjI_tnnGjy6r0Uif47-X1gXglE5Dv58UrtegVYXWM
S-vusC05g-ylsrJZyhyfoX5VmYbO3U6Qo6ABT_Qoa8I
F6FP0xl-GeEkO3OzdgugvvNgPsu3FT3CdAgZuRTF9yQ
S31jrZaUAWagLkKMQB85jApx0ed3McipW4Gox2MQpQM
qJyJIMNeIwM-QMbpyRzux-sBqUbubjAT4KwU9DkOOYo
F48iWa4MzZd9Eh0QhZGxItGHjxr1cpuPWzspwypNVqk
2Eql7Q5OxfhtMtErM-Bc8dL3qZiVs6mpwOjy_FriKpo
U6RcuSgZMW1SAHSKAt9cz8jiV1QJJCJ3LFz1mo6FZ9A
aVc-EgHwWruAHWXlyKUDTkNtYxE1KPx_YLm_xZwV89w
5eSdmjlx1bNlN_IjDGOGNa4sXAntjQeDbN1m2knHpQk
7A9_Jk6kLC886JvXYfjt29gALTLJInJ_i_h-lUvSki0
HkKJea5g7zTpV8YebVInhFcQnVfSNS99732suL36QFc
5j7-HB4Dyo3xQis7Pria_cKOTtylRGJecjHvtmuNyBU
YtixMnAosvsMcPxjFgo_H-udzYw2MC-lAiKqI9kl_K4
J4AfNv-6bP2ouVE34AP6VXkzobI7lgLnUIC3LU99Yd0
AN2uCErD935UKrIZZjxgORnSv4tTi_DaQw8Q6oDWujA
QTnaAz94-zC0hCDMOoOYVVXLoAT6chBxTrr-1BX0bBk
FCuJbdEM55v3NRwdAgu2liRlJgcLKveQjKn7DcyjN0k
9VmjDilsmb2l15B1gcNfK5Qwk9-IQbR7mkXjT-ihTT4
Py549e6Fi8-VNZYbrsvZC2SOkjxHb4TuK2I1BZZEc_U
-DpQkkkm2n5FE1FH6TSSLKzmXejk83qkP6tj9io-yDQ
iIhexZe9jE-f1ODy31MsrqtSfHwCs-gME9ovZ0XfEa4
j_ahf1oRWWZTsQfLz02oc5wo-kYw0kjMu58m3UQAgsU
FxHMQEQwIv31KE9VkGdi-5dpxdXXnoIkPDV_xswNmn4
VETKY-6pxwgwe-BkIdMiGUEk1mcB7J7MVPuNn9KwC1U
icm2erxVqgk7ASr2tI_8kp_Up6I1bV01Fh-CJz8Av8A
kbp-zbuROpL9CSyR77j6HsIfsSuucB9eJrU5-mWKyuE
zWfsThG51HpB6PySEq5Vrjt6bJnEIgEf9RxCj7RyeJI
HV60x3KEATbFm4KYHntj9cZb8Se5cT9Yr7C9ToOt4hc
Kj2ABYYSE02Mb9HhFNcPH2FkPmAsMSvJSoUKbxvW9_w
bBZDChRwahif5WLi7WSbesV7OLV5eb8ZDq8roy9EYkM
X0Ij7oH1eyApae7NVj6T83u7QYtvmYhQnRQ3oXDSjzw
tAph6qTYEqBPOqowwRHcxp2C3GI6ri9sbYdXDf-fr5g
FBVLvkkK77wH43eZyFuszAcwUpJawRaw6sFxjP2Nofw
F_Le9cvOkPZK32Q_VNuDnIgVb5Z7mXNYZ8O2tbJSfIw
Vj7g0HeeKDFXf9DXA0EnnSvTrRj_bRG8tWSPv0vOy9g
hP-AglbVBtAvJxuHBOyI0O25z6MRp5oIn3cprLkAvsA
8bCNI2CtcySq-G1EEXs-w7DuI4xlzXZjL7cB90__pgQ
5wFAqi7PJcf7fuSHsegRnXT6jpHgihV-2UGO1bbKZvs
As6nHge25PExf5WTA7SrMUCi34rdzTLV_DJ6vK8QJz0
4suoLS15HGklG1UxCy-0ldGeY98dWWT5-zxItd09u2I
oGF_5RTNyLh_dgteAqGOg6s6X1qcnQ3NIwdJGw3K-Pc
OCjkQPfmaSCpzkkw_J81AutR2LUnkuYiLbSy-OQ1PZQ
QLF_JFOZjPfMDrChGDjBUf0xF-8F8qNcvl4niBhHWQs
276FOUEvG70NHGvpyAJad0-xAxxpDzGm-9jKvclSKUE
9IiiXsLOYTH27RMLjmWpA-H1Q6128cY2tp4-ISDEDfU
VscbcZguKy1U2KvjSbXy3bbwJ2hStaHcockkYFsHVa0
yVX3CkP_Qyoowbv1zwOG_9wziayTEDw6DYWlfq9w6fw
Yce0Bqf4wSDSwy5gkXJTcyzlvU94k1KpCvzHMVvvVys
8uYNTZVo0b5hiNLc9A99WHwrZ7IsDbtZaNxLLTx8hMI
ocu5iF0mltjzkWv-svty-gxXQ2wR8dIw111KsH6xzZ4
dDTRcuIJ2xCQLngt1B3E_9X7r-CtATsfpE9l64Ikdgk
AwoDqvllbxs7x6PQrXI_REhg52utfYOA5-xdVdGBDSE
1ltoQFSk3t5DDoO6mPIi5Lo6K8BfdZtPtlMNdCprjyE
kzovGKxfJnJV_RnO_iR4RWf6aMrG9zDKVdQMWhSyLgg
QWIiX2uY6vHllmj5BYmsOK9StJ08CJ8FuRp6LFpAwm0
tmHir7xwDBC1RvoEPIMNEqh2LOiKzHJ5lwGT7VGeJ2g
Q6qTDgqpMBiA7S96tgBTIiw_ElHoQ3P-ppkkCwO7bAs
9cZ9xDUQJQrxtc5Onrisrd0O7Wb8T9jWORMNw_7Klv0
v13F_uQV5iN0t_663ne_QA4T4YMJUkrmdEHFPT4RaC4
NiSdsh3oMaSCxlfV_U9EzRPKwn77dEidZ0sDDzrbx0s
YsafXblQaufBA-z5X6jAYN_35S8fA36b7zgio5Ih6qw
Y0qdXBq3Ppww2VnC1Awh4k4Z11MdlS0Zl_OjS0sf_JU
geJhx6zAmcrJId_nSvWVxRgnUEfc02okwQ8KyaQmP08
yVGhWKItHDO2UTzvVtxHb0UZKhyKwBs2cqKoeI0X9A8
1NhwLeuo2PfhJHSqURxEy0wiJCuI00UsPJTYb-mXVhY
ZHT5XW3rgLIsmnCjuLBgH1nNhCrl1XiABIC8YMv_9IQ
gruGgVtcg_WORYu5seSFCYj4KK5Eu5PACjKgDGcFbM0
WB1po2zOhLcb11Tophxgy474OpTlaTYWnrBEC5EKZ1g
7OfkJDV3_SgFDVNl1dq1COeJ660xucFXNvWpUxtj8uc
qA42h5AsdHn2w58macWp0eCrcmwtvAxv4osYjLWquT0
PThH5FqKp1i5wJOGdEfl078U90jMkO4tO0pzzO2DjRU
-Sk6X7pEVTXdwj0rv1d17T5bGtD-6S4m7o-93p_5DGs
gBgZBwaqa5LVsW-auRqEMXZjHyHPkbIvHH3XKybLVXY
YJMuqkEMOPikTg2nJLxC3_pDpNYsj-_1lLRiCGAhZ3Q
KuGAgcQgA6WzPrioYBXWag-L8yTCDZpR_LvNUQ2lPDE
ZiAGi5jQ6mQJRZUG-IR5s77Ce-9IGYPXg3_EraZwa8s
M1wIr-C6XlCZ2W2q3uNRveVPJeSgcxomL990-nWXqMs
jAjtZDLYnNdVgS3bepYcIQpBVkKeZWudO-BJuqk7n9w
4puqwdjCF7fYTO9XdYyC2Au2F69C4ew4aWQKqcCu9qU
Rdn-R7BqdvD3oVrKE6YKi68Az_oBT8rVnaoHpBpXa58
n_m_dcRqzNa_EuYEEOQikncvfBUkMzB29mme91uZZII
9XMm6qj7EMZbpypnwWcsHrDj8Zv6Fq3_w5m_J0t0wC0
QIgoxFKXlkJNxPaqG91KxS6BUToNzs9Jrh_xFtbTRQ4
n2Cb1THNEjL7RrHOkwDd5zGg6JrLN7weO_Ot-sgH1nU
qIhMG0umOFFRjOGzYowewQgpIpYeAjb3QDm83eSD8FY
l2um4IWCE7lc0Ms7PBNTyayhWFhfNtE6KGrLc_ZJTGs
gr2FnhJE3mA9LXN67Ks0c4V-hGPK8yKhF-7XDqUJA4E
UrA2v1cTWwiNUUcu85EmCDXoH9HFWdmJw59eJtmXIqs
azqHZEeu_WlCrzCYL9JV9zsitahH-GESa0hHpy0vE_c
TGFNFlpjAOfOTur-MlYv8CmViC00rQSkiJoK3J3s5M8
gmyMqlsZV1tp9DuNlvIgx28vjzkkuOm0-a_ol2bOjMk
t1UQ_FqcY64NfaE5u0PXr6NhKpGkFbMuABtDStK5HQI
W2tIK-EFvsCGbUoAiivByoeOOaQ9y9dt6ZTb_PMNo7Q
uYJQU8k5nIaxW5C2ZlCVMRT6NHFyqLMsMlsoISU9QMM
AShGdeAYScRFssIgl7rNkXXincKyZPuAm5qW8bUjnAs
aB16v6xyOJ3wpfnWcBe-wI_CkcMZDj24NVn6U0z4Kb0
oPTYadTXPcxSXPGgstbyuKCkqZ4xf2-jtXeR2gmAE8U
pmDEY-7TiDJhHIwZ6_JH6nCVnqUpd9rYFGYwutCQH_0
bE5Gld-zrGfRpneMrgZAfqjDLGyzrtmM1WaKZPS4G3w
3gM4YogOG4mA5o1zcvlHzZ1C-Yub_vYmCuDmEJrJqZ8
V_-Ge3w-ut_GU8WApebR0WwBPgT47Lrrga_p7bi4AiQ
gQN9L0wD_7B6wggQGvHL7YF_lB0NRHHsz4slE7jK7e8
zypKqkp4obZ-MnXHx9Hv1OxFQ3SVehkoKr3RDnspBdg
nQJ9hA_44r6L4TCzrZJQJh2wsByBzEP1OqH1SNnfyfc
o16LJ41TpU36Dlg_0ZFE21-JtCSID9UaGWc89Ke8Rfw
ty0IcVdN_OsVfrYqr5wYXcTMTiZOpaAp2_zX4kLEM8Q
jnxdIOdZ4jonBey9VAuIxnBnlvKsgIbyRRi5DBinNdg
aPtJzHT0d5gh2jtRWmr2JwXkpq0TKpYukhl_6Xjd23s
SqS2l2iW6foQ4Q5dzQEU50pL1YTMCvKF9dAUrLKtTeE
XDE-_DEgNZGokPLxIyGdPT4fbcc81xhBxlCxOSkOSDg
vlOKZ2KNJWz25nG97To0aiAq_PMDJvKI6aSqAscLsWE
a4unFyeIaQNcjyJKEdb1dqJYg4C8QRpBkY0UmNBPHXM
SV6MqUM0PTjJ3vE6mVzqR2vdmWSSTTpe9w7mRAqQ740
_oBQM4TGIJrq5142f6M0kPO2H0dEzB_-uctX0M93iEg
FPfqzc9UCgYL2OQvzelyT-nIChUMWm-zgNGhKAJ97yw
XrMXB2chOlSTud2vIiJ7gJK90eu9MAxBiL6uXF8UXXk
4m-azK06hU4KIoO369TFvgjoZXjqU8pQ4oZ7S4m91Gg
--3ng0i7mazylknVPEHbEWncfETgt6U-tuOgvR1Xt3U
gbrQ86du9vor1Cuu5j4B8XxzEOsd_giyDa8NspzJqUY
7dUTklrw-l-YkAn4fwWv87a5hzRvQIumEwiGfMePxZE
KTLt8qq996X3D2DN4WyHeaHl8AZXEAsB1luY10Pnx64
LsPCV07u1jQ8MELFSkr9AFmjeHkNg6jIY7WBpkedlYA
qds684ZXWUpJ0pNKyLfLTXy_nwHO26MOdPjmRtuk7tQ
gne4LrDYuSZHFH9f7tkgWqWyXeOsi2GQE643q3Hr2zI
rUha41kYpbxq9Zdu6BLcDwS09Dr99cYtNJ6Hx5qNZeY
NNTBFuS-KV1JZuvhpG-FWfKpzVe0vLls72PC3Gx_YJc
LGUQoBoweeWMCy15XYsOPZRrQ9BD_H5Vz-h0QVhsFms
rvzLdzJXw8JzaFtl9YLPKgRne7d1iFKp7j1GGqkyurs
vrMi51gBjmiwi94w-TKfgTYMhkGl-ag4ni2AOjTZasE
6t5CsqPZLzBLIB7uRpckxmWIiTP3F3lgFwllIyraqcQ
76lh7g_3WaCcBUXUK0qMV4QpyHhwD3tFAIoiFPx1ew4
cuzubsx-YN0JgO9V3gKQ9v79UVb1Ce54Lwj8Na6D7hk
lQkyWSIw1dTjN4H2_ferSXvlEPENysWgCCw1pYDI6-0
QXS4HVOmzos5LMWubx4etlAdswH3m_vQNIERxdq_uek
3a85KYEq3cz6y9GRv-LymHrc0yZ2xCZVyCHb-l_SLEs
jovI93CnNz4FqagffJrRDs5kKmwiuPOhz5-LKrKDwmo
0bbI42d4_LS7AcZKYYqkTDD1KAEf-382Z0DJVKwWNg8
Qr49rZc_wNEk6b9QzMAgarPbGai3b_uB7hY_OwcjgDs
-mZdvg3NBFnaqMCaYTEjQVFlFMPQmmco7X3iDVmwVlc
4afphNlY6GabWDFKg_8ICP9ITVl1WPZwBkL9UHCCfYY
CC4JpZTbsTIQL31oY9Rxf7r2YAxjhVMXGJUe7BfHqLA
T6kD2F_Lml6YXHk9Hwi_J20xQO3e36LxbQQIO7JurPY
3IQuSJjAQpDAEwijEvxlA8UZmA8Nyud5Ylt-aKWuJlU
xNPvHX11GoxewWFyp657GD_kFHr8p53VGPEvZf6hVaU
ZHn9sCndQ8tsl_Gmj4kbVQKGdUATG55o8qECIpGw5OA
md9GKi1JnCfm81SmjuDSnaR06RZ8QLwl1CQpQA4JyKU
i59SABSWiD-n6YrUjwv-dkiwh0O09TY-a4Nb_WOjsME
x-USRmxXN1NqfCJW20xoou9LmjS5W3hg2Xqfc4d3_mw
6RcqgVOqFjwAjr2U3Vaf2ABjc30l2WjEZQd80D9VJkc
dZ8BfM-wr1m1pljkIPyjTtXf4ybxfxCJb-kJmGu-MXw
17Sj-ulK3UdKQ6BfsN_QcRzogNOmYEogbNpR18tXOKw
SP9b3XaSr1F-2Q-l27JATgeufcSoB_eKLw3a9nAx_ro
JPv7PsE_Jo4MJV7fV72MVRWlWQ5HZEayI3VgZIDnGUA
IWJA-tB3ADxlIpK_wcUu9sJUVNeYaKzWZi8KAcNMtXs
2JNEjnIx0HvX96VmKEaYZP7b7HXpbYGilEE3Ia_cZow
7eDIhPvNCHYbNeGsM1Njj3ZuR6igGlIAr26s8-Yk5-0
DDZUilqS7tYmVsm8qlZz_CY3tzlrZiK5x5VHg2jkS6c
aG1PoNwSPjrYC1_gP19arj6AfJko4RxnYq_XbXLIRrA
CiAaAicn8iJgncEZJuLHweCP5Q0Mv_zUYNXvg6ANQPk
_H0kfdud1tznUF8OFYruv5hcDkNAPTjyQtbNIemmNS8
VwIVhMC4_9sVziejvDxUE4vfUm1RIQyVoSw_aidcq_k
4V4Rx03T4D0e3FMpUjq7YoMhjVX2dag_Cm-hRFaLE1g
pWOcU9XfJHJeyfrmF5rZRwixNY-CFo01tHRGWnoezdA
Uv22ojlF9jiGyhGVRXBZ0XUJZJtKrL90IoUo-iej9LA
oVve-srzlCQt3cZsDYOHVGTfmheJe5q9gtyBGpNxAew
w0Hit35hT8ymf6xJOuYAjw5StmyQAdBdosbfupMEC5s
PcyCldvXiPNQDbRpJaJW-0ooudHPKj8lFyLSV6wWcCc
qRObM7zG2sQK2LuR_5eRqu1pCwAILH0_c9OSHUtiyug
4VDSBD-LI9NJ-GYRCfJ4hHnaqyHtAnuxFnLZlAMTpBk
8eog2knhD0jQObXCqR3J2Xk0rF2JOqMwdjxhOf4Qh04
p4Q5j200Ed3fZbl7Ve0D7CIJW8UpOiKrnEHlmqK_BnM
oIRN3wOTL8Jy9b0_jouT64LSnTASi1hRVCj64WoOIPE
ZgD6rHo0fhN05iVWGCjB_9pnzQzjia-iPIWyjDEAzos
HJrzlpiNH8O05wOUe6njrKHQ54ezCaEmVBFgX6sZWc0
-2EgL6cwk_XviIh9wzWBzMh7GmiDRxFYn0E1cmX9rSM
xVmgSoxTXFM7ivwyUlw0cx2FfDQgaM2BXWVVE6JJ-qw
kqmzQZhyGLR3EIk9V-UdtgwEZVrXHQO3k9TpD73hE0U
1I0iS5KforVHq8UFOnaXRw4hTvokD-NPbfdQq8KYnnQ
yzgf2Vez-fHDSRt4fIqosk58NtG8zSEgs1NBEj7jjTk
t9n4P5eOEPPJmR459aHWUaYK4hbag-U0_EsdHijfvGw
whG2cBFm4tEuIyXWiNVrH6x7ulav65xs47Gd_EOoB7Q
P8QkoC_HHD1N2U2rk5NAB-C9IpQ4gDgAiyvg-G1E0ng
cW2UMCQyyXOcpRoCbrED3-mORCA3cW9vFDsvsvD67yU
3zV-aCUKFw9G1vBWwMf-Gur_QhMkYHTnBDKzylO52nk
eMtss-kKrbaJQrjNxYaOTNTrRQBHkcxQn0cDXB6egMs
3KHMdspmlw1k-w5gEjOSbxbYyhNi5QpyQ5jbygu4Pv4
SQGmjFfFuNcWGYnzxmiQZlU1hAqwLOYmKHYo0NcBVG0
OPnkXd8mwCoc43xdQRYp8kF3QxBnI7UMAq9MuRtT5uE
WdcQETl_Bozb1f2r-I3fsba9uNJhDLyoH1qadFsxiLs
HafrSFZhkPVqQgg3hYyD3rgn1pbXPkwcpOYu5uisfYM
Q-9aYx55O8YiExLcdpWXZhDbeEXKKYqqo6gOq945aVo
ElY1XNAsQtusiHMq5RymyVRlE8T_y6oypykp00dovys
oUz7H0voxeidobrAbkuHDtyHjiFNTMjhXl2FKm7AxfM
Wd7svnm1qK1bEfrJBzwdEzljFKx0lRR9IKmvq3XT4f4
2SqGcaoZuRkcJj1HnvRUhBUjt7HpROs4UwLXQTeagKo
_YpbaEOdA0NY3XUU3J0CCPe7WfylDeSq18u_TZ3KUB8
S2zLplyzW8T4WKVMKMSfyMgcukmEVW_LnNFDH-p_WXE
kEyPgTHdm7IjaSdqLA0-zTDqw1onywKPBStzesNynJY
KFwp7ztk3G_iEbjutis51hlHWPKk6-bTEYGAJf-nnk0
wTpsp0QWp9IvMR_hSXnMM8lQJfSD8S0SHGzzJbQJwjg
mJeYLAZTjUL-VMIzYYeSFg4sxO_k8iAAF_DnWdFRJiY
Y3_N39FPBIf3EoaeE0ahy1p0whiuCvVKfxT8cYU8cOY
apYsDtpkq-VCSSk1P4F9q7W3sCIKqDC-HH9VseVi-LU
8LWqpse85tj8Lm7ES7PJElrZ4EK_vaUk_Sry4vi0CrI
IhDYzIn68qYYesyK8z1CvTLrrlVlp8R8U5fjDHDzf-E
TSUjWlMzFsyjjz3f4pLSZPezjp0KwFgo8x4A-nkJRmQ
ypdi1gBNuz5TxBdnLi4S6D11AkYEEvYYnRx9c9hTCAg
Gktj1dMX1DW1SHH92eIHBitKnTGZTImdBjCR1vCpie8
b6z3KWlND5UanfjOC_qrMjefc3tpzZ9H4QmALQZfNhY
i6TfSH9DNaNk-A5muz41TYvqyGkzgG0FTXm5NtO4VMs
B0HOTyxenUDtjfr4PBkz6kwjI6IdWdxLnXR1ZALQa7s
3x49CBrSduSSyQ4pQtoc_0qjEKpYOhQ2ICteugfKRdM
3DBdPxxnYDD26oQlzNMInnFPUmgbT4XdMTGZuZzRvZc
-EGREj23oMhewXV5myHknOl73exjT5b9Px50VhVWtRw
XBHqG7np6acFiZIaOoqiyZx4MjKkeLcQAMP3it_7FVg
0w8dgOmU-jYveFQbQ8-aqbe-HaMEnOGy_K7TFN8rBeY
4AmMPTURlMt58s2XgW-j7hvT13kFmAApve-yfjn37GQ
DGNnG1hIiFFemz-RCRptZ4U8UZTzME_eNPrk9pXcWy8
4svyUHmhvAErmHezmsd7xqntjUgc4HVDSiiTHXd9Gn0
QwQgxH9W_u93hwP19fqU_3AWll4oRG3hc6T7kZ69zFc
g4QwAZ5-Ae7YvL7yY6AuXNa4dVqjZxRT62YaKoY7lRo
Poekb8gIABF0AsE3ZUaI1QDE12ZmFfcHl14iyI2pwgw
eau6_bWf6heo2QRtG6icrU1LezWBZpD4Miy5LXxrV58
wJKr9zsQ7eC3ANz_LHZS9WTu2s6Pca05VqzuJqjlHJM
O_tgqFEgSS5li1lPwv2-mBbfXhwI4LjvzdUlnLlW--c
MKgQrmLjyaBQhS9ln2FnaOp2B9kGOFNkyZgrgSsi_8U
t0mSh2T6-SPXJ9V-XDoLRUUt6xzhAplxtUH84HpcatI
taqQcSS-krgmJOX_nB8g-4j9mXyyFAdx2n9yAgElZ3w
ig-IAbuq6MtOpxSmWyCMwJC1NTt4O1FTyol-yVR5sbk
ku0qzb8wCoguRVCz007z7KK-OEFoooTg3eAA-W1DirU
WJntaHzF9rxlvpVJp22OoAKkwkwI175E1lAJZVeRpi0
MkSh7qBM1ixf9qluw9Q8Awrh-tFXoAIktvDFag3Tdds
kf_cLPOHUXaBEYXqV8BrCsbz1EvUfz9M-RdO4JJyyjA
Tqx9kcCsHdOhUWX4ii_JBUQlZR9R53OMvuyfshDnAGM
E_lAjJz9w8Qlr4FMzv3poCpzJCMqPVxGlKOpEvWpeAs
uTezu7lo-gKeQKvy1qbR8G3HpynurCh4LgKUcf_k098
ofV-jqlIv_x4ECQKPkshFrSmL0H-46LFTLyp6zPzN2A
9tmm16J019UylSra1TK8ETPsSJEmgGNteBkrNdwS4AA
FWoPkE3vJuqd5Uh2koX-WtTa13w9gjsYy65cKSLRaGk
1Jte90GAOki1-eStBG9cthIzhHzu-2Rdd-XyirqOxQM
8zf1b6K51YWP1ZSWF2y-hAyWvsF8wZOeZraiUD-GByI
eEeErlcuSsMSvRd_RnO7ArnRtCaYkl6OBk6zX2wkBu8
odBe-IWx95l8ZqcrZUnWtbWcHWvTXtLDzBIimSXFWCI
ygY3dLY9qlu-Yefp_6MvGqZPXfjpt9Eepp2jOsVOMvg
CQcfR6atfVre8UZC5m2Z9xfASbxIBVwLFd_mkrQ9RKQ
fW6ct9bU13EVCSDLgZjFD9239aPjuO1Wcd524fhdKUU
sTHVBQTPZnfSMzIryLvXFH-4QubPMosk26J6wAoKhEk
fPhyphzLthb_hIg9yYpva0TJpiDBb_ARidRPX3b3_cc
n-ZYPjuv9Nb0IbpsmxtDL3UVbNRNBfUtok5ZjjDXZ8I
UOQg98xzaQLhpyxvdOd7_-SFa_BsA7MaJYOPmMZnNLg
qZ-KDtB_tLC_OtuRBQdMeJlfCoWrNfLyXeSRUupE6HU
sXjMMpB97PZcF5N8RQsJQYW9Kz9WBGtL7fLVBSvv2No
b3kwyiw5JDZmt3YS2X3uKFsT0HsAzqAIPLdMnvk6u4U
-wQT8uPDCuKn9TBP_--oIY3LMbJzYHNhMVz1iCSc2Lc
gVjTx9BQV-R2PA2v6OYuYNdb-xt8IQdO_NHlSR-ASGA
x7CelIK3xphJOfTBoRAbfRPUGcUcSGV0_gobRyu_C3I
rh-M7C1EA2RwXNSsyteF2NHpbvRUM3yRiPpbuIk2HAI
8Q9U9W4eBoEMPWs-XRsB9y_McbEQM8i9KzBeWONMHVg
O_GvlpjbKzIia0LvMg99wcIGYi5PGkxqknTOsRSlCvs
LaPb0jvuqPlz6BM4K2IZouZMQ5JR-EKVF2VBEbvclPU
pBfNLYScJcw-NPMVtn1G2FWtafpgL62gSs5-fMVf9xc
g3B3z_XTurf2prKyXVvEpu4Z0nf8YS4inUw-Cf2c8nI
YxI-iMJVDLGZePoKl7sSg_OaDiu-Rp56aYHo1H8_8NU
f3eWGg6Y2UebIDz-nFHUWYRPGLY6_iOgrEn2E8P16cY
vL3zQcoUkQ8ThBkkFTLdu8sqoISkWBTswUi_NlENg10
dJ4jpRFbNBms6YfFv-JRQFYI8X7z2S-cxJFlRQKSgBM
MKYzGOHHqczdgWzQ77ekNIm3sNtKOSrN0OhcXwNLGeA
2oIgkAyc7KPkFK5cxrIM7YyRfKfr6QVQlY6M1AMJSPY
SVqTNwOBciFyuOa-7xU0WXxCIUeZsOapgFkf1boiOm4
U-2MahL2Wi1ihIlk614ZEbnSpYjTB7-ZNsAC5Y_BjBY
hsL1R91vkq2069CGuHAn6uzo1oztrHQk64iBYceHNMI
68A7tKNgQPOTfrLwJiVeLodP4Zh0Ey0ENDKb8OesHrE
eaZ0oRiJY2flvNk3_I2DSUmfMNVFNXlGxG3g6ZNppzk
JkwxaOSfZM3YMElfNR6soVZ7YF8l0DsPqov8fXaMWy8
X2IitQCaEbQh1-0SqHfndJVd9w7GOSdQk9tEPgDfDCc
WUOBz5gEcrzJxWBjUZeEa5mgl6DtsXYaWCWMUMLno0Y
pkcXatI5GrvVun_p2QAPX7Q2UrwU1BQ6Z4nicXIkuS0
W6dnMb4sS5YF-goJNbspU0DgcmAdA9s73syHUnQqiaA
TgkH2G7l_dMuEtlXDYjFVn5jnEpfThRLHqlKKIRg8IY
APdRBVpu33lhpWzP75B4Tiiu9hy-eVmAAT-F5xgzSeU
YXp9fuPzLYstEPNI0ka8xMjx9A0c3c6woNb64w41Kqc
CbYdnt896bZgaUmmoR1RJfN3D64a2SNXi1vCvx1X6sk
wb0o68Hw77mxi8mL1eSqQ_tW1xooCNWUHVgOsqng6Iw
iGCggM-C6EMqqxK8fIrDk-KRqJbShb-JI9QZ8jo21pA
X--8xOEf6ANqCXPH89UZyio6rGxArKuSB1ZDgQLKQDk
ToXjZmQcYpPu06J30OkuDC4YUC7SWfVHwJ8nLCEQg8Q
gyNDcz1XXXxG_EOPafOrEZCNw7jMSPuj2FfnGOoqjao
Ep8OtxFPG5HBYVDQOHIY-tvlJX3yevB-1UT6k7SUXRc
lu-VOt__XX6fwJhj83ohX3F1AMeEY2qCJt4P7W6AoR0
0V0_a5jsnz1jKuMrfA696rqB11oc0Y2HhXo2UILzO0I
1t0hyV2sGe9J4qOhh3HMt6KgabPLQxpS6T-ynAucb5c
nBkEGp9QFSsB3JVlhcFjA2KbX7Gi-1HZhlo1NyqSLO8
jNQWZ2oPq3OphWzr7bNFvtUNS_EVuF2LlFP9F8Lc8vM
FfceRauQTJIXtcGDTIiWHiImfLOAF-xSuSlW77yrykY
rwzzZ6BcVdWw2VaPYtPPWpliPZNKLSxnn8cdoT-Nw3g
Z5NLaN5E24hwoHzQ34ttM5TbyIVLzosZtIx1D9Z_1pw
QepIu2ycPCTJUJzQGBlj9XGbtsW99bliVCSK2Uf-pZ4
KuVmLR8KinEDp0tiulgYSfLsA0iyclywRSbEdikx3LQ
de5pvR1kFZFfuVR9EWQ-zvsrECHzMPtIhUNW8iRw1F8
DlecWfXdQ8tKyunyoobUoEfq8tMwIlmm9sz6WRA8Za0
rzLdBbb2ktgg8hqpG-7oJ2R5EzDQCMbXv9EKF0FVouc
TNd2hsKBl4yrXngT-HjW_ZdRFSjYT9R-uuPCLXzY8hU
L6q1oNSpGhHGzk7tyIDM4pQZv9eM-OPQ98XmkkMjv4Y
4HDVdzrz5QiAjaNkmiwa-r7QBheJrUxNt0XvTNqien8
8mJHATjQhMYEYAyOEWMf4C0ERxdpYWOWqCcEtqCgmjo
tmgt6pqxD5-l9xEcXhVIGGuivjmH2F9130htuHXgyTI
-LFe6QfB86wyN3cfpIx-7EEB8FY5p_OxPiBditp1dvk
gAXvBG-0WvvK-pCCTCtcRi3IsYaKQ99_pnT1oR46laA
tTf9gBmsEtAcOZxITODF-ha5gP1KwhnSnMP6d_gCBM8
RIypWdEtPD-fabTt6oB72KNlZ0hU5ep5-XOrjDXD30A
G-hMTzQLBqSucf5chtIkODshGkaSk0RbMG_xipOYnrk
RlFULvyMEnPERKDD1izyT0xDOJDVgR3PXIUFHHVStDM
sXZGkkR5VK8ucIejakRxwSyIkYjS32qs40JAAKX6WDw
ai7Ug8CkMAsO0e7-B4EBoXYwjruuD9KaHVpokstRFkg
jkKwHCZPBnrhYDAkPBpnzqxl1iYG9nj5EmAZo9LBGK8
QCC-E3B7K6wmf63fsKru4GpBpZ7r-ujo031EiOHvG2M
HrLLTwDbQpphUh0ll4lyIsZFqNQE446EMaQQ_DJFWo4
-gn2aBGGm33-qcVpKxmTPcBbtiXJOf0MmB4vrHMQWcc
BZHv4ljulUOsQGEG6AcP41KA0fkK4Dua8Jm7W6JudCk
q1JMIlYBlahRmbIlKGpZQyCzkmzVzjwGR0cSmt0ejPM
x3gShCdzcuur8Ah7h3mrdgU8vy4RTzUcNjpoyIjIawM
EXzxtJhSppeh0DO04Z5GeQEV0k2DH-x1P9S8V2M-rjc
4Fbxf21BoOKmDKs8iA7Ooa-Ss48xbySgensiUQ0__2g
N8TgGXtUQdOBA5DbLC1S9RCpm2evpy33eG07-xJuxig
HfiFGEDbDrA811NqdvqDiiZUcFDxIpQL8yUXXO1Pw44
npit3HjF5Ec4jdgXOaValS370wu5qSHv_jfr5m9rU6s
pKO0hdRqmY-7FtB561VNTx9QrBRCLJsHRzspoCYvx48
EyH-gvIV4qPLvztQplBf2bB3pMgeIC1AAXcOOEwSsHQ
j5hygLKR99OW-QsgkP6RM80ekURmHUh7Xt0IkW1YlTs
Ze2lx-mVJjOm2r3N4CxoNPhrnCHlbmbMySbRegeEqfk
j4th-8eT90wAVqrQd0321KatHUxAmWRtXRo_Jl__cSU
3GD6ZzoOmQcgR4ewDAR0fWw8qf9qX2j-MVFO2yd0SC4
SVqtas02inlfFfRPw0HyWFHwAxCPNtz2YIxBLP6Aogo
ANedczrZmM2leEwwrXwf_PgY6bhhkxIH08IFX9cJlQA
vvDpJ-ORw5rHGVvNHp3ncGSePCxV8f8GQGZit5V755g
XxMYtdRANJwE2ibt4ArR0rKOwUqaYR9dmm932L7bo04
RBHTailDjr2fdrzRs_FV0V6zB_vn92prUQjUGKI_At4
sjnKVXixyA3H94QpZoAfRaf3lguioBBuYVgD75vcDKY
-Q0E_d3yUtoQKvT0foxF2aonazBFy5Zr9tqARBXg9so
FYZSVAQQZt3QQA-YtIO8XxwdljniM96YUHJgDXzA6sM
aU6_1RX2T5Ph8bP3F_5k60zljIAnHQ_yiH3TmfW8lfU
j4ZxdHRfWxf7rWHbhTvdSUwHGenHJwRa04sK3uKSl0o
r27DkWnYbbPzOWKW5vbn2TFtLznnQl-K8ib0OrIpYUI
Eq4q0IhCdt7vGc8n8vxEEAkcQzfYNYql0Ilgfet0rus
CvDhGXyEZUbtPs6aAexyBNcyWldV-BPuvAC6OzCak_U
SNg7s3fOv0Ijod6S8UXYVeMcqN0N16jqVPZQ6UmYsPw
Qw1mAqDXfzHm7WiyVJz2roH_INYmGDNDUDoi122S-k8
ea4P54s1qh1jlcjOiyV563UBe02blRaHdwSCUBus6qg
UlDYfbnuKWBwzbsYV8HPU1281X5ctldP2drvGfJz8dk
0dSvV-MUHGwa8VHRmvSm4wFmXwd9V9PlIWqtHb7HSOg
JMEtocw0OaxnZxkSG_4NoFyHWyAHJDrL9t4OdJlpZp4
i5Ecb1EwTTAgQqlc7wv-gfw9qUJTHnYTWZmzAfE7kD8
Qw7gV0dQ1DdI6hogwhudxm4J6Zvo5rFhHeC65qgh0p4
SpQTu97xwThR5RdLEBxbeKdyPAYjdi707q3lQY2zynU
BMIdhZfNue746DX3QmcrXJSD_2_BBsa66w-xkFqtJ64
8bQlf7Lp3nM8xa25zR5EbUX1OJ1CtX_x6M5J6jm650c
Zj85A7Yz2ZCkJEZp45ChigTeRABXSN6B62V9QT9T7NQ
PGME2BrwrKgwGnFo2PUdzcPAdbQkGt8cyjJHOZA0v7s
sVoiGFbIOwBI1p48-zivuDviPDQldvlnNWsey6IiCYc
bI-AbwtFZdEmpCAp4vKmi20VMPhPmDtEer_-Cnu6b0c
0c5AuIdykvhzMi7wC5gVxPVjwf64JYWhhdqjDhIJgxM
QhASgtNIUOa6MOV9aQYQMqpItO8AhkGfSJE3aH6sqGo
W7ncfKsgsLUr75iw6ogEdozrdHIB-fBmdkNHwEKl-C0
V_wlkzMquGlsuAlsckRPUq7WwNDjy0a_Gvsyiglci7U
3Aw2bvzq34hUCpptmnLcxp_LyAsB5xqDVE4rxC47eXU
LLWnj_y2M-VHWs8bvXxryLax4gxxxA-eZLyDZ9MiW7o
dY6KBC0H_9hlWL9RiAhLmK-9CiJLglifUzE1qUdMvdM
f7Ee5YTgds8CWCqscLit_88RmJW60XKYT4gAPfvX8HM
jAn8pHDd9c6fnHC3xk3b9wr2WIV58kw5Kc6S4u-ETmQ
f_dfVdDtG-fT2xrnJ_H1PGFLix61Y00yYIbKCGxQCNQ
kvRyK2of4eHUcDpnunit8GN4mv8RtJ84han37cKYzHE
D_SUQtIkGXRxcRIoMRO4N3sJFdtCq1GFEcKdSlbXIEA
jgmVme3vPLRf65W9wr8G3Bou8iRN1pbN-faLR_XzlJE
RAe7vb0NUYNdndksj2MmQQfLsq3ATNX2qA2U8BarZ54
QO-lBj5UFof02k8W7iV1ROorNIUziNh8m975-nFiB70
XXGylpbn9gGfFZo-hvwdi6bVCvyIsosM2laNsGgbceA
CqjobJEBtPdIsnboTiIqhIaz-7mTpKsQ4ej1x7zoNEM
qhr2_QQddG_nLxchRYuItIPHED2lP9jnBGxSuhZIEmE
QPWs3OYGjzeA8E2xJaoLaE3vOjjZ5U6S_qioBkEg-rM
LlbgqwU95WldAhWhAi5F16U4oyarWfABKOPSUA0Z_bU
zKrKMyKb0ZbfBxhgV8Zr2thdT6VFumwSNnZHiwwe6Rw
fD3SLdcWuqL-ZgA6HWF69RSlfLr5g65pkGONuN38Xn0
IXURMBK7Y-XBBFo3mFze7RFaC_mmVbVHZwBQwV9oi-o
CHNQFslBT_iYjiboiFSQVmnUCLeFtVrT7t3fTP2mBBU
ZBSyryA5TVLKrdR_jAls747gdRpk9qFZKdFxhQArJR8
V5SyGO9vCwfoqhKim_-7fS4elvzaawy6_nN4Ms5mp6U
OVqVINwL8KvChiokiDepzAeprxFLN7foAvdnipFst9Y
tBYHiQRPRQ3PCSaw-953HYivXSnMcTPmU-o4-B4ig4A
VYXdF5z1dns3a_wqrPsdRxfIDF7J0H2zGtHFahuxbSw
vmWhm6coeGZBVbg8JxRec1Am7pTc2-qLrcne6wg5ecY
5cHTNvFbgUJHU3jfHw7ApVb_Mhw1TxsdW6pM00B5pIQ
-9_Q8EHon0aTK1vXueKzV6LXd44bXsDGpSwLu61icUk
QrxH-d5cqQtnsymWoATjH3MjUQT8W7LheSH-9CgTFxg
vpnbtTRNgQQwZ2ejM4nAa4Wg1MoeKLnQPEOqpi-EDCU
mlfmCZHaYMY_OVvtMskAbGVSaccfcXq3bmzJdRdjKyQ
wr-Vp7sOkSXLNxmxVyJdFEnSwqVBj1S2RPhh5i_3PQw
3wOHt12fIVsOkCND7t1ivuHp5B2ZHUwN1IsgPC5WXMw
RJMXQgn5qdFZf1lTcsfsA8Jzf67hT8SBnvyCGAGxe5k
FFzy5SLfunSW6KMsk1CLO-ktfiJWcIYNofeC16ai0h4
ZHmHdaINMOkelU-fgCvTwKwdLRR59Hb3thzWhl9Mvtw
KeWRvUrMkrw8bw8-943QxK_ZV3tn1hcki3dlGvZgG44
SCZMEubSxsz-NQ5C1Gxq6XOVph2T_96lPRIya0XBZHA
Z4ED-jfEF9qBjF84tmHPjDg4-bVj95mxtoitMpBSQfs
gWZaeYAIELdjtVO5ForqTKY11_ZnRQjZ4UWbs1bjfBk
xo-p8oZyGDptERsu0yIIm1RtnWQBn86BCDGxjRZ7JOI
i03rm1rzeH833QF1m_WUJIXmWPiRXI7kenJkdjZjAX0
mEMM3Q5Crlo2SCCKwFW8Hs-WDgE5JBehnIXGjruoEmM
agJu7owa_elmWjJFikELQwmpTLYfopC6vuzIXL4xdeU
W9ikhq-OT2UhN1B2KN5Gk8UCYp2uCr9GDiZKRGjGyYU
qEcgS-Jgn6rui9RkUQTkxSn3DTYsJ0GILoGt8h40Q6Q
Bg9rkAKG41XFBc0E_SM8gGHVZyQvG-VHp4SPWGqEChw
MiMIg7L0YQLIe4njLkKeQFCmp5yW9O5tfy5_WMockbc
bcYLFAxYqBOZyIvD3TXC6d2llADQ56Nut892y66ZDms
z9s8EefYBsVEQgn8RLx9SL7xU4WhcdBOngTeaTBpJVY
vgWid0JsI07IiIa0VKiJRpil44ouuklzt5eQLmohBs8
fs14clXjH7kpFKrqZHiaAvgMIH0W1_cUskJIsm8Mw5M
O_wQW7grAwFFR2tFS3Mz_vHa_1aBwMf2P1ir--OnjZo
9Y4kHzw3LzdXpFnQQd6Mr8nE9txuBdTLxH98YcEerrs
27EhPldQHGz8UgetkX9Xr69y6klUkTlc5Y56H7yOYpo
pmsx2nfbpfd3sIi6ZUlkdKpCOYL8ZvxbQKy0iWjgGgE
-e0CRbx56dW9SubqqvFgi-M7FuwfoROY1riQBe0pqkU
eXSkmeb52xVJhyD5DcoDiuJ3gK-fX5jQFVYlxkI-30A
7mpGxrBGjRGtadHMxvDU759GVoPjy-UfpWj4nXzSFz4
x3HRRb4h9nKEnWhjFWc6FYCYTCqQQd0JFSAdoNX8J_s
DjaWaxgYOlp91d8aZvcskVx8YfZaUisawScoA43-WrU
iIeCcQkiRiHvFVxCOV3q6VSA-YSuRO6wf5oglkm_WZU
kQrd5iClr7syiAqAmM8yAdUD4pm8lrbjhtGgjW3AeNU
rwRfiZNElQmoVAaUpb4-vz0uD5vHZKqcyEk-itisLik
N1dOLlRrSQScDepn6AlRRqpkeBJS41KQzw7h2HFedYY
05zGsSZiydIvXcUgQmvnemuByOmsB7S68fFhoc1gGVA
kM8ZzI-p_OIICE7m_ZwAezEyfvAXX1ovwsqOr5cQf5Q
2gMedWXNnZP0LZqsnKa_6V5pPvOBxoh3SNsxHNuAUc8
MApjvgF_1ttMivjV-6dgWLJUyEvEGlxZVT2GT0Uylao
LG_Lnjxg4TcZv1yuBrqNjhRKkmmkbWH8aMicnBTGkxk
aHHCfKIf8TYTPeki-rz9r0ulBqB9n1tS0NV3j0NoLmM
Itj67lltKUdpbuD0cb1j5kJVBt9IHwOUjkSReHWOKYk
7j1Un7T5n7wd8Y-PIecl2-VjyX7o85EocNobbHar6jU
viOHxim9OV_wmdwr9ZGcGDM_kEyyptzvPFWsLraJa80
npnqBmGmSuwRZwlF0Ut2sCS4xWaferCZiHyBIzt1A4Y
OyTkqkox2-Sd9mkEwiP0KBu4cCx3kDzoSZAWxDp70DQ
ICk9i0WNuhkBgGpexZZ7m7RPHnMz3dWzaHfRsUpE1x4
OP_GsJBpOPwCmm3GOqm5vpAInd58mW-axKMYQnWlxLM
SZpFKQx4PvCCSZkd-5jR4wTFJMrNyaezpQxG8otnY1A
ZRV2x8UajYb41FIKf9JIf3HVPd75O2RocvBUc6Tq9uk
WHXhDL68nGAWRHq4v_pfUv5j2Z3M9_HwkTeZY46EJSw
CXCysljqEjtN3I2jbtwzyTfzRLvmk9pg34DBjlLlagw
VPMsTO2SmLDu3mgH6ycFhHn9ssK9Ww4EG5bLEjKgcEw
_ZQBHf4JoHsUWsbik86l-yESVJ3NnK0v9vKfWR7ZjUc
2g21AYUAdyArd_NYUX7Mwj-3tbXMbFQ-Xn0HxNnmgls
0MOvUDmMTabveLyVLBHYDmsIT-KZ0bBZJ_EQbhoBJ6k
FztrqpuJituvHS4Xlz8wrj6BNV62eC-GumaoXYa3CAU
xKIDlzca92Ty6qGBVmxmd_iA3V-DzlndPbTYkWEo3yc
j5uyuwpqwqWzVHMgSeMGFfzpMp5uMq7RoqMnsbE76nI
sUWcLbuhGmWoAR4PqUp3x5Gdr3wKSQ8DhvCPUiBsZCA
MlDJetExfrd6Fjt4_rGl9XO1RvrJo_fZgQd5TcTSLLA
mEFnuo3mpP6Zr0qwIzAvFdpkmmjcx9qFOrWnG-Z06PY
oBwejw4S1omvGgO6A7UWE6Ube2djZnlLdBvI6GHzstE
-xHlhzZX8cYLeCFw0cbYgjc3A3emcMm-cuxNGGW8TaE
3oq_h1kp5C0Xu38SMw3mIBiIGFoLZ3FH5LCmkrAcwnY
skFfodjzySy7pwPko1A_NYvJR_r9Y6lpmC0jongxC74
vK2BuLn_9-0XAzSKBmC01CIrfsAuT7X9REZBfJTPySA
IX7NN4Acrzp-ER8KRrwC8IZ3hFFo0Q5ttDG3ZwoerfU
_7CGpHNozNLLi8y9pNHgqnxMi3vX1iXx70yORK4dFxY
N-7t_wNXdD75yX7_Zk8fcDE8NTG2Sv6_H5EWShzOkjM
K6Mp0t3usiOGBV1jDudIlKiO8Ox3kUYZPJDHRqQpRbE
tKa2swQEvqBpOVIubMx67loRk7tbnzJUrfYhonNMjD0
ok3AR_SxD0UcWgeaGnYXu95ScxdxbMkERJiJ-xuhs9M
01zawjqY_IX2kZLsORveNWwD3kL38s4MnSq05Hvf6sE
4wvfc-BGO8a5sNtaBaGKJ_Ll4UgPHtL0SECqX55Zs_U
AWIvadXUurrYNYCI3Ud0eZY5rWGNIjHZHZTLjCjycqM
v-1v34_wGpzweIn9TQrDKulUHKlyDnvp4ECnZ2V7QsQ
TKyIRCx8RuDrBvPTQexYcuIbb7XhW4og933N5LsdHpQ
4aQbC8Xk0wad7a3jRZWLJaOiSX0yCC4tixKGPRT6ADc
A9ssjVmq6VcQn_9KvNLiQsafRecQicDVabTrW_WNOGs
1Cm3L37NMJKl_07c09hNv4-12VluT_4dWyqJ-TKNj1w
8lwrllLX7bkBOpSHnJG-WXwppm1ngZRRqpoK7DM8C1Q
qH_0ysDJDFqH7403e0IhE3DRAG7Y-3v7pAK1HZkFeQs
3S1g7v7oU1pxQIDIPwYnjKdDtYVSA82TUGWzTsK0xGw
pCwi7hstHMqqkbB0S-ahWqG_YFr-5VoUoYNX6a97-IM
K1AiXAdh_L3RnOFOb9T_qMq8LVnUa_vAPFPg-lpm36Q
8GXfKpomWuZOHuZ5YzVz2x0I4w2WNGx9k6Bu8s2AjYY
U6j5sCGG5RpqFXulCWS55y9gYDdKACeJi3vcj8KGJSQ
Iyw6xIrxlz9wTX524pxq_wRww4lARniKWyv5etDhbsU
hRATznLoXxIrfLFPY69xNJf2s0H2VbsjB-5yChnd2nc
Qawx6YQMYF7YqMf6xqXmDnVFL6vLnUoGXmuP567uSXY
JTWJlTtoXdC8J8BGtbA0K-Ma7ZcBkSYJTYea05-ckSk
b8Rv5Bom1YywV9jzNIW_zSv-0qQonUcdoqTYpUxzwBM
EkabRYxZiTpxnO6MeUvMtSNpiKTvvPktCOR1ybsHwk8
LmCYoteo4ra0qVkyCk9WIv9Ta2o8-Mtv9MKo6KUCfuw
jJeSDocluIPnNiZcSeIg2rhe0uPM67KeFBWt7RE1Vfo
ZQumzGTXAfIPjTZB0pIKHqid8bFmGmMTpFTFVZfo3Iw
XBQh_-eRa9zmlpGM32Lk9dfAESaBRqanTcLFYZRWOqI
HpFfrP48mLfU2aRAzcsm0mGnkrThSLQfh1_kATl074s
FRpLQOZFZ3lVVwEUX56QwnU3LIY_t4k7LDm3aFYLUno
GtIZa9Zf_WIMx-DATyeFXuadL17ShAUG3ioInOuEFdo
bNfQmlMCKSFXTJZgW3RcoZNK2_iiDWOwn-V_loHUB1U
UWv_H1gUb9bxu45g9y6TagzggI7pRkEQWxe-4AMMnqw
UMORWjUBbLrHfPpeiM9Z9_tiOVKQfl7wIYd1Jl0tjxg
eocEz3duSw9QqQQGdid99CirIBz5RAZnBW8xIocbZhk
yBw6h6qOMgMjrPgyFi_jm-UF1LxD5r8Hrv1zZPeeBdM
CpEldYpQe568gFyY3UcX7RjodxC4t6vHwEtrpeAVARI
flKXo4k3RpHkRtIAWZa3haXL-SaeMBM8c4ryLM4uTgk
NMOOQQx11RqK8YTY8jCIJFG2CP6rC0JHK9KEZOLKTfs
Jn_P4UrKkRxkEMPn7rKJYUUN8UwmqW-L2VY6QK785YY
p5ma-HHmYe9SYa-PGlahDgJlokyI96gQtAIZr_jYkWU
x0mSU8rxMRMRaxKC5V82DpInm_1oG2GZWGfWryolsik
U-QyQBKn97Mh3uGHvX_gnYABq7SKGES9uynBMx9Fr7o
bjAggfhOe95hOBY7lTQA68oJPXKTco0zfEDz6yT3fl0
r5Wgv85_MsGWhvbSfgVk1t8z4vXRx6CwZjTlXxJR9Cc
40KgReBH_EJ04VTRYSSQYoa2rKDw0kbFMTaNiPyHh3s
PIyfEWkUFVfZpkNG4sidrohSHmWy1N6Qt_vAjkqrZ_s
uoNml_ooGMwGYWobgMeVdhOuaNjNVDYggtjHY91ROz0
LCs-wgh3AT_hklPho9GSAbB_ijr99_UA7fDZ5uvuTGU
4gUYGVW9D8-KwLu0Hd-6V7awMsg_1vd1I19PnZKg0t0
pvkTnTKug7vjDAdIO47XqXbDDf2n1jGPElx7cNMYY3I
E_G2aYfkNhu5cMwYVeGZv9FeLCLTMXUy-XOh18C302g
OkVulB6LxXAI8s17bDZwEwCRIbJ-JkxephyUKwOqdug
zvWpf7OJnEBPtE6p97uYMKl6FUH0qSt1s1GyFqHBAQI
VckeBPOl0j4haAgPc1W7mV9DdtxjKk5iSC--7vSXI-A
yYdiEwGKBrszXTAm_EMUfLzmDwFPo3EwkIZIYIjbKW0
HgGGdcaONp3KsqkBfO3RMhjC4GDRFbH9fRhCYkkLyrg
6Iyf5Ca5pALuy-T4AHWgjwS7Pib-Vg25EGJMPai0kR4
XR-RU4MpeWax36KtmnHjClKRBu-0WBkQZGu-aZ9-pSg
uSEfdKr1dsnjBls4_46Qk-zK_Yj66LyLfzpbTJSrXzY
3IfEF-yaR8zXlYsBKEdKDg_my6b4c5ZFYQHrJy9jaSY
9_gbTCBr52f4U8hVDcLBqFp3IHKq4XkKfWYPRA_aEpo
trdu7p1ZnfGgVxM2M54YwekGHCJERlJxUsnY7OPhXS0
mW5oXsv8RZHIBc2X4a5lmS03tJVwyu9kOXIfY7w3Ez4
QXDKTwUSm1Y1hfXNpgC8eyqiprJhvxRib1S7pCvwvEw
kt0a9qzGiKoe3IafEnQxQ3jF9qiHWCiUaJnhhNWJkgA
EeJoF-IHM3lRoKkHOP-bJcO39cTuHv4AmFokRarKXqQ
sgMIyJjajotPl8Yj1ibfaS_6tLBah49_t0cre4cBxyM
VbJzjHDgwxUFDhoduL3U1K7Gt7t_qKCVu6zCQTiO9Aw
CgYxxW6UCdOBo7Ibf2UwHnsLhlEgQyX-7yPe05KwFl4
zyym8G_UqtZwiR7uIKDwOp2BhX_ID-bYM5NVP6hpMfg
e4VP-Or3sTd6XKTwPIcT1L3GlsKAG35GsCHs05mObvU
NRsD0U5dOcaS29OsU4tQZ58WfFxdIn4aWtv4gwtXR9E
xwjhN04XN28k4DNRnI4f-Bq2sHI0pIvfTiVPNzrifSk
ApAnpTeBl59Dj6-VzhF4OdFQUDh8Vb-VkhISwwi7poE
niPS-sIl2tKKONMrx4G5rqk5EfNpThY16MFFe7LvyAQ
hJ92UWOb0NXrDd15-mQY_62d5z6aEn0gEMP0GV-_Pvk
t8SnC1s65IGFniTyF689dZdqCX5dQVEvaIzpEN6tKls
F5xzW8z5r1JMstPFQ9S8Kw3RyXqEKsWhd_5t98u-Wa4
zXyLLODjxKFVtBk6EK2_5rqD2xLIHwQaD5HTDYGcbOU
BFygqhHHzRCqV-u1oEXlv9GunWojCMGvPOUHdc7k1is
e8Nucpz4gL6I9iTCB0PALkIAhp8v6CbzAqglRy4NhNc
tW0lcLbuvLmXQ1UmzrmpwlFtYSWuvJdLWUV3ODQSdG0
aipNg7y4hGerZNg6OGM6NPvYDHNF6cT80hX9_jvjs00
L16-YbNOVn-CIE1NsvrYIvlGoFM1kvQxp8ZmtjrlBeg
eFwR7pnoviQVAC_2Zh5QbwXY4SsLV3IH6RIvY_SI5co
KThi-71WUsTdlP7e4JgLrOs6Rhh2ru9WwP4sx8Sngfc
1KazNqVsLP069l3rd99Yvnffs-vwk9hbUNcY5436xCs
NSCV49tdf1fTlQNLjIxDQw9Y1Iw9pMmFLFIZYJLLtsE
crOzmKnYwpaOEtuILGcj-vckkwzf8wcgj5YmyyyFlpQ
w7khdo7wQagpV3oLsZUadnpJcpbwgxxNkaEDqYnA_88
0nMtKj48ePAqD_3ixWOBj0u0r5Tan1VilQUQe04ou2E
MWjguvY8BTR7EtqfvWYt9Q3Lr7-BK-mjL-ZpyAnNcQM
51OOBv4ZT2xGLKMR6AJLkEp-3oY-7gVQghpZV3klaXk
6rKCZ2s4amrUIAcHhz2UScSnNIsLe8OCe6-haQC_P0U
-lNRw_TTj3p-vB6m3oQ96pWBok-EzxK8IIRHvCz1mh4
Pi7-eiU3xXq38Pv8is7uu960IGkw0Fmq23FGpxp9jmw
YwkQzYh_vNH_-1r6qFqqa10sW6qryI2WFU90Ejspbgg
0GzV4hcihKQL32izW8m5vjfY94Zi8C4HcplKkrlJSf0
NmeQyE5czzxqCSoYYZ7Mth3szerWGrpE96vhNB7gFXo
hJgDqg4MOx21a9Q7HpiRf2A6gy2IkO1zNCCQ3b56ito
yqBBEcSLbVjLQmIZh7i3eKEV32JtjGpPqJT1NGcjQ04
xJT-w-LDtsJIh7g-Dk7T-LoFaoAFGtbouYnvVDx0MgA
8L8HbBqKzgttbk27e2y2BoKjJsKSVx13INoxy6AmC0E
fg5VYxTnt9gMvEU71zS981HYdmopmJOMI5nkUB4rmnM
UvxUkwKOFPwFpLAKowz_NOXmDy3yxKmUtL9NKEkAp7Y
-cel5BM-zXFG0K6i-gHZwl_29MuCuqEz_AxI54NIz9M
D25bUUqnkhoAMcDhS8H0rtCyapj7sAIkC2e8dZQuq8A
3J0VTi6xl4EckgtO5TR9kjYNw68yvaCYLack_HlS-Mg
PJeE90P_yaElzLHOyGYuVeMjeCWfuwxk_-qcYpUaP5k
oG64jZX-nUXd7ptqKzhy61z-rlWki3wEitdDNMoOJ6s
kktoR__B5bXgEsy7uKR9UHsxBAP8lL5dx0c5yEyQYNg
FwEmy2aCnVJv53JzBSUT26fwF4KZkXY_yMRabvifCu8
QLT3ft9fVuGQ4GrJp4ElnuYJ7jmAan-PyjemfN-285U
5pt-bEAGKXE2v0W-USBoNb0FNpNTKMeo5SqmwT1JcB0
MRB8k74NNTLrQ2VZ7js1Bq0YFQ1Wy4zx9cR5r4ixgEQ
A6y0BjLX5pd4IOAxILCQ1PStsXEFiJxrVwOwUqIZ_ko
d1EATF2_RKLS1pV4llpy47RQhdniJjAX4j7N9_PeItk
6-dW6J1J6XkiHWdLaf6iESM53ZpnMGicWrDThieDOPg
4EAXnxunObfRZ-Yl68zVVI3OpXtqdUeN06vVkys2ax8
vqO7fBrrda5cMGmNFUvKHOLoUTYb_Ux8Y3Yz-fSTLy8
F-AQJoNOygyOnxV2IDYWUPX8w_07QAtWk3MB9-ptI-A
ufFUYaCACZD6eSinDtMzTHQha1CJZBCo0Bi8IoQwH9Y
EZw6HA1TR_I6_kPFVXNh0rgs4ZRZlq8sX5T1qd-fkIY
N3gtsd3phhByCSGaR_dXdGPXvkqdUB-OLvSo7irqewI
t3YqdsLXyyoVLLTsTSzz8uEYqWW6kkynlhaz39nqOdo
GcrLDRW9YTbpYfOoWZovhPbZ8yhxpp33WJa9naC7qno
njftL3QqsUNhmmzlyiD0uc3Z1UpiqZkr9cVJjMkFucE
cbnXDyWFQBTzb2A9AYXZdWDNzpggrTn3Jd6qNs3IEdk
J9X4jpsdlqvc_UqfcEjm_m1btj0pdZ72ZkyQ5a91Uk4
UqruteV-HW7x5KvHdRB_GM5RCuSPSH5Qvp2Mxkfaf7k
M4MspRPqidEhSEUpsdkD5lr7O8iKtt62YPzkaAjhsiU
mznfifTljjbJqldeF2nZAJsLc4bbUoWGYqkzaEB_0DY
9_HCa6Rk2CH1hQ72fpUFlHZADA8vPwfYnRPn3VYvNxo
QeB7AUQ-InEq2qsz0kso88yOwSRZjc7DaG5M1k-o2r8
ge7in7Ih-1qeXnKytUHTLXaZCpPtQEGYUXlnM68aNAQ
Ta9FELKzLPhpSr3fvoymRrflczy8b-tHgWp2V7mjWJQ
oDaTZ59IqcAITdz0WV9wiDWMVrHBU5dQ_htNWnye8Gc
k7zjt5RGt6ojmEDux7_INn0Mzq1PoubruZSbyZFX2aM